#
# There is insufficient memory for the Java Runtime Environment to continue.
# Native memory allocation (malloc) failed to allocate 32744 bytes for ChunkPool::allocate
# Possible reasons:
#   The system is out of physical RAM or swap space
#   The process is running with CompressedOops enabled, and the Java Heap may be blocking the growth of the native heap
# Possible solutions:
#   Reduce memory load on the system
#   Increase physical memory or swap space
#   Check if swap backing store is full
#   Decrease Java heap size (-Xmx/-Xms)
#   Decrease number of Java threads
#   Decrease Java thread stack sizes (-Xss)
#   Set larger code cache with -XX:ReservedCodeCacheSize=
#   JVM is running with Unscaled Compressed Oops mode in which the Java heap is
#     placed in the first 4GB address space. The Java Heap base address is the
#     maximum limit for the native heap growth. Please use -XX:HeapBaseMinAddress
#     to set the Java Heap base and to place the Java Heap above 4GB virtual address.
# This output file may be truncated or incomplete.
#
#  Out of Memory Error (allocation.cpp:272), pid=15972, tid=0x0000000000004d94
#
# JRE version: OpenJDK Runtime Environment (8.0_242-b01) (build 1.8.0_242-release-1644-b01)
# Java VM: OpenJDK 64-Bit Server VM (25.242-b01 mixed mode windows-amd64 compressed oops)
# Failed to write core dump. Minidumps are not enabled by default on client versions of Windows
#

---------------  T H R E A D  ---------------

Current thread (0x00000000165bb800):  JavaThread "C2 CompilerThread0" daemon [_thread_in_native, id=19860, stack(0x0000000017f10000,0x0000000018010000)]

Stack: [0x0000000017f10000,0x0000000018010000]
[error occurred during error reporting (printing stack bounds), id 0xc0000005]

Native frames: (J=compiled Java code, j=interpreted, Vv=VM code, C=native code)


Current CompileTask:
C2:  22572 4863   !   4       com.sun.beans.TypeResolver::resolve (274 bytes)


---------------  P R O C E S S  ---------------

Java Threads: ( => current thread )
  0x000000001cf2b000 JavaThread "Memory manager" [_thread_blocked, id=21228, stack(0x0000000028430000,0x0000000028530000)]
  0x000000001cf29800 JavaThread "jar transforms Thread 91" [_thread_blocked, id=7072, stack(0x0000000027ca0000,0x0000000027da0000)]
  0x000000001cf28800 JavaThread "jar transforms Thread 90" [_thread_blocked, id=9528, stack(0x0000000027ba0000,0x0000000027ca0000)]
  0x000000001cf28000 JavaThread "jar transforms Thread 89" [_thread_blocked, id=19260, stack(0x0000000027aa0000,0x0000000027ba0000)]
  0x000000001cf20800 JavaThread "jar transforms Thread 88" [_thread_blocked, id=3560, stack(0x00000000279a0000,0x0000000027aa0000)]
  0x000000001cf27000 JavaThread "jar transforms Thread 87" [_thread_blocked, id=20140, stack(0x00000000278a0000,0x00000000279a0000)]
  0x000000001cf26800 JavaThread "jar transforms Thread 86" [_thread_blocked, id=19124, stack(0x00000000277a0000,0x00000000278a0000)]
  0x000000001cf24000 JavaThread "jar transforms Thread 85" [_thread_blocked, id=1552, stack(0x00000000276a0000,0x00000000277a0000)]
  0x000000001cf1f800 JavaThread "jar transforms Thread 84" [_thread_blocked, id=6608, stack(0x00000000275a0000,0x00000000276a0000)]
  0x000000001cf25000 JavaThread "jar transforms Thread 83" [_thread_blocked, id=7880, stack(0x00000000274a0000,0x00000000275a0000)]
  0x000000001cf25800 JavaThread "jar transforms Thread 82" [_thread_blocked, id=15788, stack(0x00000000273a0000,0x00000000274a0000)]
  0x000000001cf1f000 JavaThread "jar transforms Thread 81" [_thread_blocked, id=11524, stack(0x00000000272a0000,0x00000000273a0000)]
  0x000000001cf1e000 JavaThread "jar transforms Thread 80" [_thread_blocked, id=11736, stack(0x00000000271a0000,0x00000000272a0000)]
  0x000000001cf21000 JavaThread "jar transforms Thread 79" [_thread_blocked, id=2700, stack(0x00000000270a0000,0x00000000271a0000)]
  0x000000001cf22000 JavaThread "jar transforms Thread 78" [_thread_blocked, id=11228, stack(0x0000000026fa0000,0x00000000270a0000)]
  0x000000001cf23800 JavaThread "jar transforms Thread 77" [_thread_blocked, id=17112, stack(0x0000000026ea0000,0x0000000026fa0000)]
  0x000000001cf22800 JavaThread "jar transforms Thread 76" [_thread_blocked, id=18756, stack(0x0000000026da0000,0x0000000026ea0000)]
  0x000000001e1f6000 JavaThread "jar transforms Thread 75" [_thread_blocked, id=17368, stack(0x0000000026ca0000,0x0000000026da0000)]
  0x000000001e1f5800 JavaThread "jar transforms Thread 74" [_thread_blocked, id=20560, stack(0x0000000026ba0000,0x0000000026ca0000)]
  0x000000001e1f8800 JavaThread "jar transforms Thread 73" [_thread_blocked, id=9432, stack(0x0000000026aa0000,0x0000000026ba0000)]
  0x000000001e1fc800 JavaThread "jar transforms Thread 72" [_thread_blocked, id=12100, stack(0x00000000269a0000,0x0000000026aa0000)]
  0x000000001e1fb800 JavaThread "jar transforms Thread 71" [_thread_blocked, id=5276, stack(0x00000000268a0000,0x00000000269a0000)]
  0x000000001e1fb000 JavaThread "jar transforms Thread 70" [_thread_blocked, id=20844, stack(0x00000000267a0000,0x00000000268a0000)]
  0x000000001e1f7000 JavaThread "jar transforms Thread 69" [_thread_blocked, id=6244, stack(0x00000000266a0000,0x00000000267a0000)]
  0x000000001e1f9000 JavaThread "jar transforms Thread 68" [_thread_blocked, id=20472, stack(0x00000000265a0000,0x00000000266a0000)]
  0x000000001e1fa000 JavaThread "jar transforms Thread 67" [_thread_blocked, id=18752, stack(0x00000000264a0000,0x00000000265a0000)]
  0x000000001e1f7800 JavaThread "jar transforms Thread 66" [_thread_blocked, id=12088, stack(0x00000000263a0000,0x00000000264a0000)]
  0x000000001e1f4800 JavaThread "jar transforms Thread 65" [_thread_blocked, id=20064, stack(0x00000000262a0000,0x00000000263a0000)]
  0x000000001e1ed000 JavaThread "jar transforms Thread 64" [_thread_blocked, id=14212, stack(0x00000000261a0000,0x00000000262a0000)]
  0x000000001e1f4000 JavaThread "jar transforms Thread 63" [_thread_blocked, id=13220, stack(0x00000000260a0000,0x00000000261a0000)]
  0x000000001e1f2800 JavaThread "jar transforms Thread 62" [_thread_blocked, id=19160, stack(0x0000000025fa0000,0x00000000260a0000)]
  0x000000001e1f3000 JavaThread "jar transforms Thread 61" [_thread_blocked, id=20736, stack(0x0000000025ea0000,0x0000000025fa0000)]
  0x000000001e1f1000 JavaThread "jar transforms Thread 60" [_thread_blocked, id=17276, stack(0x0000000025da0000,0x0000000025ea0000)]
  0x000000001e1ee800 JavaThread "jar transforms Thread 59" [_thread_blocked, id=9556, stack(0x0000000025ca0000,0x0000000025da0000)]
  0x000000001e1ee000 JavaThread "jar transforms Thread 58" [_thread_blocked, id=8240, stack(0x0000000025ba0000,0x0000000025ca0000)]
  0x000000001e1f1800 JavaThread "jar transforms Thread 57" [_thread_blocked, id=21412, stack(0x0000000025aa0000,0x0000000025ba0000)]
  0x000000001e1f0000 JavaThread "jar transforms Thread 56" [_thread_blocked, id=13984, stack(0x00000000259a0000,0x0000000025aa0000)]
  0x000000001e1ef800 JavaThread "jar transforms Thread 55" [_thread_blocked, id=8552, stack(0x00000000258a0000,0x00000000259a0000)]
  0x000000001decc800 JavaThread "jar transforms Thread 54" [_thread_blocked, id=9948, stack(0x00000000257a0000,0x00000000258a0000)]
  0x000000001decc000 JavaThread "jar transforms Thread 53" [_thread_blocked, id=14620, stack(0x00000000256a0000,0x00000000257a0000)]
  0x000000001decb000 JavaThread "jar transforms Thread 52" [_thread_blocked, id=16844, stack(0x00000000255a0000,0x00000000256a0000)]
  0x000000001deca800 JavaThread "jar transforms Thread 51" [_thread_blocked, id=11752, stack(0x00000000254a0000,0x00000000255a0000)]
  0x000000001decd800 JavaThread "jar transforms Thread 50" [_thread_blocked, id=19428, stack(0x00000000253a0000,0x00000000254a0000)]
  0x000000001dec3000 JavaThread "jar transforms Thread 49" [_thread_blocked, id=11596, stack(0x00000000252a0000,0x00000000253a0000)]
  0x000000001dec9800 JavaThread "jar transforms Thread 48" [_thread_blocked, id=8372, stack(0x00000000251a0000,0x00000000252a0000)]
  0x000000001dec9000 JavaThread "jar transforms Thread 47" [_thread_blocked, id=2892, stack(0x00000000250a0000,0x00000000251a0000)]
  0x000000001dec2000 JavaThread "jar transforms Thread 46" [_thread_blocked, id=10652, stack(0x0000000024fa0000,0x00000000250a0000)]
  0x000000001dec1800 JavaThread "jar transforms Thread 45" [_thread_blocked, id=16636, stack(0x0000000024ea0000,0x0000000024fa0000)]
  0x000000001dec8000 JavaThread "jar transforms Thread 44" [_thread_blocked, id=16972, stack(0x0000000024da0000,0x0000000024ea0000)]
  0x000000001dec0800 JavaThread "jar transforms Thread 43" [_thread_blocked, id=5324, stack(0x0000000024ca0000,0x0000000024da0000)]
  0x000000001dec7800 JavaThread "jar transforms Thread 42" [_thread_blocked, id=15620, stack(0x0000000024ba0000,0x0000000024ca0000)]
  0x000000001dec3800 JavaThread "jar transforms Thread 41" [_thread_blocked, id=3092, stack(0x0000000024aa0000,0x0000000024ba0000)]
  0x000000001dec6800 JavaThread "jar transforms Thread 40" [_thread_blocked, id=12076, stack(0x00000000249a0000,0x0000000024aa0000)]
  0x000000001debf000 JavaThread "jar transforms Thread 39" [_thread_blocked, id=16060, stack(0x00000000248a0000,0x00000000249a0000)]
  0x000000001dec0000 JavaThread "jar transforms Thread 38" [_thread_blocked, id=6924, stack(0x00000000247a0000,0x00000000248a0000)]
  0x000000001dec6000 JavaThread "jar transforms Thread 37" [_thread_blocked, id=17120, stack(0x00000000246a0000,0x00000000247a0000)]
  0x000000001debe800 JavaThread "jar transforms Thread 36" [_thread_blocked, id=20888, stack(0x00000000245a0000,0x00000000246a0000)]
  0x000000001dec4800 JavaThread "jar transforms Thread 35" [_thread_blocked, id=4476, stack(0x00000000244a0000,0x00000000245a0000)]
  0x000000001dec5000 JavaThread "jar transforms Thread 34" [_thread_blocked, id=18536, stack(0x00000000243a0000,0x00000000244a0000)]
  0x000000001e745800 JavaThread "jar transforms Thread 33" [_thread_blocked, id=20228, stack(0x00000000242a0000,0x00000000243a0000)]
  0x000000001e744000 JavaThread "jar transforms Thread 32" [_thread_blocked, id=9000, stack(0x00000000241a0000,0x00000000242a0000)]
  0x000000001e743000 JavaThread "jar transforms Thread 31" [_thread_blocked, id=14652, stack(0x00000000240a0000,0x00000000241a0000)]
  0x000000001e744800 JavaThread "jar transforms Thread 30" [_thread_blocked, id=20996, stack(0x0000000023fa0000,0x00000000240a0000)]
  0x000000001e742800 JavaThread "jar transforms Thread 29" [_thread_blocked, id=14628, stack(0x0000000023ea0000,0x0000000023fa0000)]
  0x000000001e741800 JavaThread "jar transforms Thread 28" [_thread_blocked, id=4044, stack(0x0000000023da0000,0x0000000023ea0000)]
  0x000000001e741000 JavaThread "jar transforms Thread 27" [_thread_blocked, id=17448, stack(0x0000000023ca0000,0x0000000023da0000)]
  0x000000001e739000 JavaThread "jar transforms Thread 26" [_thread_blocked, id=19684, stack(0x0000000023ba0000,0x0000000023ca0000)]
  0x000000001e73f800 JavaThread "jar transforms Thread 25" [_thread_blocked, id=2636, stack(0x0000000023aa0000,0x0000000023ba0000)]
  0x000000001e740000 JavaThread "jar transforms Thread 24" [_thread_blocked, id=12032, stack(0x00000000239a0000,0x0000000023aa0000)]
  0x000000001e737800 JavaThread "jar transforms Thread 23" [_thread_blocked, id=20216, stack(0x00000000238a0000,0x00000000239a0000)]
  0x000000001e73e800 JavaThread "jar transforms Thread 22" [_thread_blocked, id=8440, stack(0x00000000237a0000,0x00000000238a0000)]
  0x000000001e73e000 JavaThread "jar transforms Thread 21" [_thread_blocked, id=19552, stack(0x00000000236a0000,0x00000000237a0000)]
  0x000000001e737000 JavaThread "jar transforms Thread 20" [_thread_blocked, id=9096, stack(0x00000000235a0000,0x00000000236a0000)]
  0x000000001e738800 JavaThread "jar transforms Thread 19" [_thread_blocked, id=2372, stack(0x00000000234a0000,0x00000000235a0000)]
  0x000000001e736000 JavaThread "jar transforms Thread 18" [_thread_blocked, id=2264, stack(0x00000000233a0000,0x00000000234a0000)]
  0x000000001e73d000 JavaThread "jar transforms Thread 17" [_thread_blocked, id=18400, stack(0x00000000232a0000,0x00000000233a0000)]
  0x000000001e73b800 JavaThread "jar transforms Thread 16" [_thread_blocked, id=15432, stack(0x00000000231a0000,0x00000000232a0000)]
  0x000000001e73c000 JavaThread "jar transforms Thread 15" [_thread_blocked, id=9760, stack(0x00000000230a0000,0x00000000231a0000)]
  0x000000001e73a000 JavaThread "jar transforms Thread 14" [_thread_blocked, id=8976, stack(0x0000000022fa0000,0x00000000230a0000)]
  0x000000001e73a800 JavaThread "jar transforms Thread 13" [_thread_blocked, id=17800, stack(0x0000000022ea0000,0x0000000022fa0000)]
  0x00000000184fc800 JavaThread "jar transforms Thread 12" [_thread_blocked, id=14648, stack(0x0000000022da0000,0x0000000022ea0000)]
  0x00000000184f8800 JavaThread "jar transforms Thread 11" [_thread_blocked, id=15428, stack(0x0000000022ca0000,0x0000000022da0000)]
  0x00000000184fa000 JavaThread "jar transforms Thread 10" [_thread_blocked, id=15380, stack(0x0000000022ba0000,0x0000000022ca0000)]
  0x00000000184fb000 JavaThread "jar transforms Thread 9" [_thread_blocked, id=3204, stack(0x0000000022aa0000,0x0000000022ba0000)]
  0x00000000184f9800 JavaThread "jar transforms Thread 8" [_thread_blocked, id=3372, stack(0x00000000229a0000,0x0000000022aa0000)]
  0x00000000184fe000 JavaThread "jar transforms Thread 7" [_thread_blocked, id=20592, stack(0x0000000021890000,0x0000000021990000)]
  0x00000000184fe800 JavaThread "Build operations Thread 4" [_thread_blocked, id=19360, stack(0x0000000021790000,0x0000000021890000)]
  0x00000000184fb800 JavaThread "Build operations Thread 3" [_thread_blocked, id=15092, stack(0x0000000021690000,0x0000000021790000)]
  0x00000000184fd000 JavaThread "Build operations Thread 2" [_thread_blocked, id=15040, stack(0x0000000021590000,0x0000000021690000)]
  0x00000000184f1000 JavaThread "Build operations" [_thread_blocked, id=20540, stack(0x0000000021490000,0x0000000021590000)]
  0x00000000184f8000 JavaThread "Cache worker for Build Output Cleanup Cache (D:\capstone\Planture\.gradle\buildOutputCleanup)" [_thread_blocked, id=10704, stack(0x000000001fbb0000,0x000000001fcb0000)]
  0x00000000184f3000 JavaThread "Cache worker for file content cache (C:\Users\Samsung\.gradle\caches\6.7\fileContent)" [_thread_blocked, id=416, stack(0x000000001fab0000,0x000000001fbb0000)]
  0x00000000184f4800 JavaThread "Cache worker for execution history cache (C:\Users\Samsung\.gradle\caches\6.7\executionHistory)" [_thread_blocked, id=20808, stack(0x000000001f5b0000,0x000000001f6b0000)]
  0x00000000184ef800 JavaThread "Cache worker for cache directory md-rule (C:\Users\Samsung\.gradle\caches\6.7\md-rule)" [_thread_blocked, id=5200, stack(0x000000001f2b0000,0x000000001f3b0000)]
  0x00000000184f4000 JavaThread "Cache worker for cache directory md-supplier (C:\Users\Samsung\.gradle\caches\6.7\md-supplier)" [_thread_blocked, id=10360, stack(0x000000001f1b0000,0x000000001f2b0000)]
  0x00000000184f5800 JavaThread "Cache worker for checksums cache (D:\capstone\Planture\.gradle\checksums)" [_thread_blocked, id=2388, stack(0x000000001f0b0000,0x000000001f1b0000)]
  0x0000000017921000 JavaThread "jar transforms Thread 6" [_thread_blocked, id=17280, stack(0x000000001edb0000,0x000000001eeb0000)]
  0x0000000017928000 JavaThread "jar transforms Thread 5" [_thread_blocked, id=3556, stack(0x000000001ecb0000,0x000000001edb0000)]
  0x0000000017925000 JavaThread "jar transforms Thread 4" [_thread_blocked, id=20680, stack(0x000000001ebb0000,0x000000001ecb0000)]
  0x0000000017923800 JavaThread "jar transforms Thread 3" [_thread_blocked, id=6096, stack(0x000000001d810000,0x000000001d910000)]
  0x0000000017927000 JavaThread "jar transforms Thread 2" [_thread_blocked, id=15560, stack(0x000000001d360000,0x000000001d460000)]
  0x0000000017925800 JavaThread "jar transforms" [_thread_blocked, id=12848, stack(0x000000001d260000,0x000000001d360000)]
  0x0000000017924000 JavaThread "Cache worker for file hash cache (D:\capstone\Planture\.gradle\6.7\fileHashes)" [_thread_blocked, id=19568, stack(0x000000001d160000,0x000000001d260000)]
  0x0000000017922800 JavaThread "Cache worker for journal cache (C:\Users\Samsung\.gradle\caches\journal-1)" [_thread_blocked, id=19936, stack(0x000000001d710000,0x000000001d810000)]
  0x0000000017926800 JavaThread "File lock request listener" [_thread_in_native, id=18076, stack(0x000000001c090000,0x000000001c190000)]
  0x0000000017b12800 JavaThread "Cache worker for file hash cache (C:\Users\Samsung\.gradle\caches\6.7\fileHashes)" [_thread_blocked, id=2780, stack(0x000000001be90000,0x000000001bf90000)]
  0x0000000018565800 JavaThread "Thread-9" [_thread_blocked, id=9332, stack(0x000000001bb90000,0x000000001bc90000)]
  0x0000000018aa9000 JavaThread "Stdin handler" [_thread_blocked, id=1252, stack(0x000000001ba90000,0x000000001bb90000)]
  0x0000000018562800 JavaThread "Asynchronous log dispatcher for DefaultDaemonConnection: socket connection from /127.0.0.1:52083 to /127.0.0.1:52084" [_thread_blocked, id=2716, stack(0x000000001b990000,0x000000001ba90000)]
  0x00000000184b8000 JavaThread "Daemon worker" [_thread_in_native, id=16076, stack(0x000000001b890000,0x000000001b990000)]
  0x00000000184b6800 JavaThread "Cancel handler" [_thread_blocked, id=19708, stack(0x000000001b790000,0x000000001b890000)]
  0x0000000018dcf000 JavaThread "Handler for socket connection from /127.0.0.1:52083 to /127.0.0.1:52084" [_thread_in_native, id=7612, stack(0x000000001b690000,0x000000001b790000)]
  0x0000000019e66800 JavaThread "Daemon" [_thread_blocked, id=11488, stack(0x000000001b590000,0x000000001b690000)]
  0x0000000019722000 JavaThread "Daemon periodic checks" [_thread_blocked, id=700, stack(0x000000001b290000,0x000000001b390000)]
  0x00000000189b3800 JavaThread "Incoming local TCP Connector on port 52083" [_thread_in_native, id=8176, stack(0x000000001b0b0000,0x000000001b1b0000)]
  0x0000000019bde000 JavaThread "Daemon health stats" [_thread_blocked, id=1512, stack(0x000000001adb0000,0x000000001aeb0000)]
  0x00000000179a2000 JavaThread "Service Thread" daemon [_thread_blocked, id=18628, stack(0x0000000018210000,0x0000000018310000)]
  0x0000000017922000 JavaThread "C1 CompilerThread2" daemon [_thread_blocked, id=19256, stack(0x0000000018110000,0x0000000018210000)]
  0x00000000165c2000 JavaThread "C2 CompilerThread1" daemon [_thread_in_native, id=15548, stack(0x0000000018010000,0x0000000018110000)]
=>0x00000000165bb800 JavaThread "C2 CompilerThread0" daemon [_thread_in_native, id=19860, stack(0x0000000017f10000,0x0000000018010000)]
  0x00000000165ba800 JavaThread "Attach Listener" daemon [_thread_blocked, id=5736, stack(0x0000000017e10000,0x0000000017f10000)]
  0x0000000017920800 JavaThread "Signal Dispatcher" daemon [_thread_blocked, id=20824, stack(0x0000000017d10000,0x0000000017e10000)]
  0x0000000002c3b000 JavaThread "Finalizer" daemon [_thread_blocked, id=11624, stack(0x0000000017810000,0x0000000017910000)]
  0x0000000016599000 JavaThread "Reference Handler" daemon [_thread_blocked, id=12472, stack(0x0000000017710000,0x0000000017810000)]
  0x0000000002b3e800 JavaThread "main" [_thread_blocked, id=4356, stack(0x0000000002960000,0x0000000002a60000)]

Other Threads:
  0x0000000016576000 VMThread [stack: 0x0000000017610000,0x0000000017710000] [id=1048]
  0x00000000179a2800 WatcherThread [stack: 0x0000000018310000,0x0000000018410000] [id=10976]

VM state:not at safepoint (normal execution)

VM Mutex/Monitor currently owned by a thread: None

heap address: 0x00000000a0000000, size: 1536 MB, Compressed Oops mode: 32-bit
Narrow klass base: 0x0000000000000000, Narrow klass shift: 3
Compressed class space size: 1073741824 Address: 0x0000000100000000

Heap:
 PSYoungGen      total 163328K, used 39837K [0x00000000e0000000, 0x00000000eb700000, 0x0000000100000000)
  eden space 151040K, 18% used [0x00000000e0000000,0x00000000e1aea1c8,0x00000000e9380000)
  from space 12288K, 99% used [0x00000000e9380000,0x00000000e9f7d300,0x00000000e9f80000)
  to   space 12288K, 0% used [0x00000000e9f80000,0x00000000e9f80000,0x00000000eab80000)
 ParOldGen       total 89088K, used 28964K [0x00000000a0000000, 0x00000000a5700000, 0x00000000e0000000)
  object space 89088K, 32% used [0x00000000a0000000,0x00000000a1c49200,0x00000000a5700000)
 Metaspace       used 52437K, capacity 54744K, committed 54952K, reserved 1097728K
  class space    used 7065K, capacity 7542K, committed 7592K, reserved 1048576K

Card table byte_map: [0x0000000012000000,0x0000000012310000] byte_map_base: 0x0000000011b00000

Marking Bits: (ParMarkBitMap*) 0x0000000061f9f030
 Begin Bits: [0x0000000012910000, 0x0000000014110000)
 End Bits:   [0x0000000014110000, 0x0000000015910000)

Polling page: 0x0000000000930000

CodeCache: size=245760Kb used=15687Kb max_used=15687Kb free=230072Kb
 bounds [0x0000000002c40000, 0x0000000003ba0000, 0x0000000011c40000]
 total_blobs=5296 nmethods=4531 adapters=678
 compilation: enabled

Compilation events (10 events):
Event: 22.356 Thread 0x0000000017922000 4948       3       org.gradle.api.internal.collections.AbstractIterationOrderRetainingElementSource$RealizedElementCollectionIterator::hasNext (13 bytes)
Event: 22.356 Thread 0x0000000017922000 nmethod 4948 0x0000000003b90a10 code [0x0000000003b90b60, 0x0000000003b90d10]
Event: 22.356 Thread 0x0000000017922000 4949       3       org.gradle.api.internal.artifacts.dependencies.AbstractExternalModuleDependency::getGroup (10 bytes)
Event: 22.356 Thread 0x0000000017922000 nmethod 4949 0x0000000003b90d90 code [0x0000000003b90ee0, 0x0000000003b91090]
Event: 22.356 Thread 0x0000000017922000 4950       1       groovy.lang.Closure::getOwner (5 bytes)
Event: 22.356 Thread 0x0000000017922000 nmethod 4950 0x0000000003b91190 code [0x0000000003b912e0, 0x0000000003b913f0]
Event: 22.358 Thread 0x0000000017922000 4951       3       org.gradle.internal.dispatch.ProxyDispatchAdapter$DispatchingInvocationHandler::invoke (184 bytes)
Event: 22.360 Thread 0x0000000017922000 nmethod 4951 0x0000000003b91450 code [0x0000000003b917c0, 0x0000000003b93768]
Event: 22.396 Thread 0x0000000017922000 4952   !   3       com.google.common.cache.LocalCache$Segment::lockedGetOrLoad (447 bytes)
Event: 22.400 Thread 0x0000000017922000 nmethod 4952 0x0000000003b945d0 code [0x0000000003b94bc0, 0x0000000003b98c48]

GC Heap History (10 events):
Event: 9.319 GC heap before
{Heap before GC invocations=9 (full 1):
 PSYoungGen      total 76800K, used 66048K [0x00000000e0000000, 0x00000000e9600000, 0x0000000100000000)
  eden space 66048K, 100% used [0x00000000e0000000,0x00000000e4080000,0x00000000e4080000)
  from space 10752K, 0% used [0x00000000e4080000,0x00000000e4080000,0x00000000e4b00000)
  to   space 10752K, 0% used [0x00000000e8b80000,0x00000000e8b80000,0x00000000e9600000)
 ParOldGen       total 55808K, used 7971K [0x00000000a0000000, 0x00000000a3680000, 0x00000000e0000000)
  object space 55808K, 14% used [0x00000000a0000000,0x00000000a07c8db0,0x00000000a3680000)
 Metaspace       used 25092K, capacity 26120K, committed 26288K, reserved 1071104K
  class space    used 3640K, capacity 3904K, committed 4016K, reserved 1048576K
Event: 9.328 GC heap after
Heap after GC invocations=9 (full 1):
 PSYoungGen      total 115712K, used 6131K [0x00000000e0000000, 0x00000000e9180000, 0x0000000100000000)
  eden space 109568K, 0% used [0x00000000e0000000,0x00000000e0000000,0x00000000e6b00000)
  from space 6144K, 99% used [0x00000000e8b80000,0x00000000e917ce80,0x00000000e9180000)
  to   space 10240K, 0% used [0x00000000e7d80000,0x00000000e7d80000,0x00000000e8780000)
 ParOldGen       total 55808K, used 7979K [0x00000000a0000000, 0x00000000a3680000, 0x00000000e0000000)
  object space 55808K, 14% used [0x00000000a0000000,0x00000000a07cadb0,0x00000000a3680000)
 Metaspace       used 25092K, capacity 26120K, committed 26288K, reserved 1071104K
  class space    used 3640K, capacity 3904K, committed 4016K, reserved 1048576K
}
Event: 11.962 GC heap before
{Heap before GC invocations=10 (full 1):
 PSYoungGen      total 115712K, used 96152K [0x00000000e0000000, 0x00000000e9180000, 0x0000000100000000)
  eden space 109568K, 82% used [0x00000000e0000000,0x00000000e57e92c0,0x00000000e6b00000)
  from space 6144K, 99% used [0x00000000e8b80000,0x00000000e917ce80,0x00000000e9180000)
  to   space 10240K, 0% used [0x00000000e7d80000,0x00000000e7d80000,0x00000000e8780000)
 ParOldGen       total 55808K, used 7979K [0x00000000a0000000, 0x00000000a3680000, 0x00000000e0000000)
  object space 55808K, 14% used [0x00000000a0000000,0x00000000a07cadb0,0x00000000a3680000)
 Metaspace       used 34097K, capacity 35426K, committed 35496K, reserved 1079296K
  class space    used 4654K, capacity 4974K, committed 5032K, reserved 1048576K
Event: 11.983 GC heap after
Heap after GC invocations=10 (full 1):
 PSYoungGen      total 138752K, used 10233K [0x00000000e0000000, 0x00000000eab80000, 0x0000000100000000)
  eden space 128512K, 0% used [0x00000000e0000000,0x00000000e0000000,0x00000000e7d80000)
  from space 10240K, 99% used [0x00000000e7d80000,0x00000000e877e530,0x00000000e8780000)
  to   space 12288K, 0% used [0x00000000e9f80000,0x00000000e9f80000,0x00000000eab80000)
 ParOldGen       total 55808K, used 9545K [0x00000000a0000000, 0x00000000a3680000, 0x00000000e0000000)
  object space 55808K, 17% used [0x00000000a0000000,0x00000000a0952528,0x00000000a3680000)
 Metaspace       used 34097K, capacity 35426K, committed 35496K, reserved 1079296K
  class space    used 4654K, capacity 4974K, committed 5032K, reserved 1048576K
}
Event: 11.983 GC heap before
{Heap before GC invocations=11 (full 2):
 PSYoungGen      total 138752K, used 10233K [0x00000000e0000000, 0x00000000eab80000, 0x0000000100000000)
  eden space 128512K, 0% used [0x00000000e0000000,0x00000000e0000000,0x00000000e7d80000)
  from space 10240K, 99% used [0x00000000e7d80000,0x00000000e877e530,0x00000000e8780000)
  to   space 12288K, 0% used [0x00000000e9f80000,0x00000000e9f80000,0x00000000eab80000)
 ParOldGen       total 55808K, used 9545K [0x00000000a0000000, 0x00000000a3680000, 0x00000000e0000000)
  object space 55808K, 17% used [0x00000000a0000000,0x00000000a0952528,0x00000000a3680000)
 Metaspace       used 34097K, capacity 35426K, committed 35496K, reserved 1079296K
  class space    used 4654K, capacity 4974K, committed 5032K, reserved 1048576K
Event: 12.069 GC heap after
Heap after GC invocations=11 (full 2):
 PSYoungGen      total 138752K, used 0K [0x00000000e0000000, 0x00000000eab80000, 0x0000000100000000)
  eden space 128512K, 0% used [0x00000000e0000000,0x00000000e0000000,0x00000000e7d80000)
  from space 10240K, 0% used [0x00000000e7d80000,0x00000000e7d80000,0x00000000e8780000)
  to   space 12288K, 0% used [0x00000000e9f80000,0x00000000e9f80000,0x00000000eab80000)
 ParOldGen       total 89088K, used 18606K [0x00000000a0000000, 0x00000000a5700000, 0x00000000e0000000)
  object space 89088K, 20% used [0x00000000a0000000,0x00000000a122b928,0x00000000a5700000)
 Metaspace       used 34097K, capacity 35426K, committed 35496K, reserved 1079296K
  class space    used 4654K, capacity 4974K, committed 5032K, reserved 1048576K
}
Event: 18.569 GC heap before
{Heap before GC invocations=12 (full 2):
 PSYoungGen      total 138752K, used 128512K [0x00000000e0000000, 0x00000000eab80000, 0x0000000100000000)
  eden space 128512K, 100% used [0x00000000e0000000,0x00000000e7d80000,0x00000000e7d80000)
  from space 10240K, 0% used [0x00000000e7d80000,0x00000000e7d80000,0x00000000e8780000)
  to   space 12288K, 0% used [0x00000000e9f80000,0x00000000e9f80000,0x00000000eab80000)
 ParOldGen       total 89088K, used 18606K [0x00000000a0000000, 0x00000000a5700000, 0x00000000e0000000)
  object space 89088K, 20% used [0x00000000a0000000,0x00000000a122b928,0x00000000a5700000)
 Metaspace       used 38169K, capacity 39976K, committed 40232K, reserved 1083392K
  class space    used 5246K, capacity 5653K, committed 5672K, reserved 1048576K
Event: 18.590 GC heap after
Heap after GC invocations=12 (full 2):
 PSYoungGen      total 163328K, used 8496K [0x00000000e0000000, 0x00000000eb700000, 0x0000000100000000)
  eden space 151040K, 0% used [0x00000000e0000000,0x00000000e0000000,0x00000000e9380000)
  from space 12288K, 69% used [0x00000000e9f80000,0x00000000ea7cc028,0x00000000eab80000)
  to   space 12288K, 0% used [0x00000000e9380000,0x00000000e9380000,0x00000000e9f80000)
 ParOldGen       total 89088K, used 18614K [0x00000000a0000000, 0x00000000a5700000, 0x00000000e0000000)
  object space 89088K, 20% used [0x00000000a0000000,0x00000000a122d928,0x00000000a5700000)
 Metaspace       used 38169K, capacity 39976K, committed 40232K, reserved 1083392K
  class space    used 5246K, capacity 5653K, committed 5672K, reserved 1048576K
}
Event: 22.098 GC heap before
{Heap before GC invocations=13 (full 2):
 PSYoungGen      total 163328K, used 159536K [0x00000000e0000000, 0x00000000eb700000, 0x0000000100000000)
  eden space 151040K, 100% used [0x00000000e0000000,0x00000000e9380000,0x00000000e9380000)
  from space 12288K, 69% used [0x00000000e9f80000,0x00000000ea7cc028,0x00000000eab80000)
  to   space 12288K, 0% used [0x00000000e9380000,0x00000000e9380000,0x00000000e9f80000)
 ParOldGen       total 89088K, used 18614K [0x00000000a0000000, 0x00000000a5700000, 0x00000000e0000000)
  object space 89088K, 20% used [0x00000000a0000000,0x00000000a122d928,0x00000000a5700000)
 Metaspace       used 51861K, capacity 54292K, committed 54440K, reserved 1095680K
  class space    used 6987K, capacity 7501K, committed 7592K, reserved 1048576K
Event: 22.122 GC heap after
Heap after GC invocations=13 (full 2):
 PSYoungGen      total 163328K, used 12276K [0x00000000e0000000, 0x00000000eb700000, 0x0000000100000000)
  eden space 151040K, 0% used [0x00000000e0000000,0x00000000e0000000,0x00000000e9380000)
  from space 12288K, 99% used [0x00000000e9380000,0x00000000e9f7d300,0x00000000e9f80000)
  to   space 12288K, 0% used [0x00000000e9f80000,0x00000000e9f80000,0x00000000eab80000)
 ParOldGen       total 89088K, used 28964K [0x00000000a0000000, 0x00000000a5700000, 0x00000000e0000000)
  object space 89088K, 32% used [0x00000000a0000000,0x00000000a1c49200,0x00000000a5700000)
 Metaspace       used 51861K, capacity 54292K, committed 54440K, reserved 1095680K
  class space    used 6987K, capacity 7501K, committed 7592K, reserved 1048576K
}

Deoptimization events (10 events):
Event: 21.869 Thread 0x00000000184b8000 Uncommon trap: reason=unstable_if action=reinterpret pc=0x000000000392cc88 method=org.gradle.internal.instantiation.generator.AbstractClassGenerator$InjectionAnnotationValidator.validateMethod(Ljava/lang/reflect/Method;Lorg/gradle/internal/reflect/Propert
Event: 21.933 Thread 0x00000000184b8000 Uncommon trap: reason=unstable_if action=reinterpret pc=0x00000000035e19fc method=org.codehaus.groovy.runtime.metaclass.MetaMethodIndex.isNonRealMethod(Lgroovy/lang/MetaMethod;)Z @ 4
Event: 21.934 Thread 0x00000000184b8000 Uncommon trap: reason=unstable_if action=reinterpret pc=0x00000000038bb0f4 method=groovy.lang.MetaClassImpl$1MOPIter.methodNameAction(Ljava/lang/Class;Lorg/codehaus/groovy/runtime/metaclass/MetaMethodIndex$Entry;)V @ 182
Event: 21.962 Thread 0x00000000184b8000 Uncommon trap: reason=unstable_if action=reinterpret pc=0x000000000398d9f0 method=java.lang.ClassLoader.checkCerts(Ljava/lang/String;Ljava/security/CodeSource;)V @ 29
Event: 21.962 Thread 0x00000000184b8000 Uncommon trap: reason=unstable_if action=reinterpret pc=0x0000000002f5cb84 method=java.lang.ClassLoader.postDefineClass(Ljava/lang/Class;Ljava/security/ProtectionDomain;)V @ 4
Event: 21.972 Thread 0x00000000184b8000 Uncommon trap: reason=class_check action=maybe_recompile pc=0x0000000003308d68 method=java.util.WeakHashMap.eq(Ljava/lang/Object;Ljava/lang/Object;)Z @ 7
Event: 22.149 Thread 0x00000000184b8000 Uncommon trap: reason=class_check action=maybe_recompile pc=0x0000000003308d68 method=java.util.WeakHashMap.eq(Ljava/lang/Object;Ljava/lang/Object;)Z @ 7
Event: 22.280 Thread 0x00000000184b8000 Uncommon trap: reason=class_check action=maybe_recompile pc=0x0000000003308d68 method=java.util.WeakHashMap.eq(Ljava/lang/Object;Ljava/lang/Object;)Z @ 7
Event: 22.286 Thread 0x00000000184b8000 Uncommon trap: reason=unstable_if action=reinterpret pc=0x0000000003b4f7ec method=java.lang.Class$MethodArray.removeLessSpecifics()V @ 25
Event: 22.304 Thread 0x00000000184b8000 Uncommon trap: reason=class_check action=maybe_recompile pc=0x00000000038ebf40 method=java.lang.Throwable.<init>(Ljava/lang/String;Ljava/lang/Throwable;)V @ 24

Classes redefined (0 events):
No events

Internal exceptions (10 events):
Event: 22.296 Thread 0x00000000184b8000 Exception <a 'java/lang/ClassNotFoundException': com/android/build/gradle/internal/dsl/DataBindingOptionsCustomizer> (0x00000000e10563d8) thrown at [C:\src\AOSP-openjdk-git\hotspot\src\share\vm\classfile\systemDictionary.cpp, line 210]
Event: 22.297 Thread 0x00000000184b8000 Exception <a 'java/lang/ClassNotFoundException': com/android/build/gradle/internal/dsl/DataBindingOptions_DecoratedCustomizer> (0x00000000e1082ff8) thrown at [C:\src\AOSP-openjdk-git\hotspot\src\share\vm\classfile\systemDictionary.cpp, line 210]
Event: 22.322 Thread 0x00000000184b8000 Exception <a 'java/lang/ClassNotFoundException': org/gradle/api/internal/file/collections/DefaultConfigurableFileTreeBeanInfo> (0x00000000e1296aa8) thrown at [C:\src\AOSP-openjdk-git\hotspot\src\share\vm\classfile\systemDictionary.cpp, line 210]
Event: 22.330 Thread 0x00000000184b8000 Exception <a 'java/lang/ClassNotFoundException': org/gradle/api/internal/file/CompositeFileTreeBeanInfo> (0x00000000e12d2638) thrown at [C:\src\AOSP-openjdk-git\hotspot\src\share\vm\classfile\systemDictionary.cpp, line 210]
Event: 22.331 Thread 0x00000000184b8000 Exception <a 'java/lang/ClassNotFoundException': org/gradle/api/internal/file/CompositeFileCollectionBeanInfo> (0x00000000e1313348) thrown at [C:\src\AOSP-openjdk-git\hotspot\src\share\vm\classfile\systemDictionary.cpp, line 210]
Event: 22.332 Thread 0x00000000184b8000 Exception <a 'java/lang/ClassNotFoundException': org/gradle/api/internal/file/AbstractFileCollectionBeanInfo> (0x00000000e13541b0) thrown at [C:\src\AOSP-openjdk-git\hotspot\src\share\vm\classfile\systemDictionary.cpp, line 210]
Event: 22.333 Thread 0x00000000184b8000 Exception <a 'java/lang/ClassNotFoundException': org/gradle/api/internal/file/AbstractFileCollectionCustomizer> (0x00000000e13960e0) thrown at [C:\src\AOSP-openjdk-git\hotspot\src\share\vm\classfile\systemDictionary.cpp, line 210]
Event: 22.335 Thread 0x00000000184b8000 Exception <a 'java/lang/ClassNotFoundException': org/gradle/api/internal/file/CompositeFileCollectionCustomizer> (0x00000000e13f17b0) thrown at [C:\src\AOSP-openjdk-git\hotspot\src\share\vm\classfile\systemDictionary.cpp, line 210]
Event: 22.336 Thread 0x00000000184b8000 Exception <a 'java/lang/ClassNotFoundException': org/gradle/api/internal/file/CompositeFileTreeCustomizer> (0x00000000e143a280) thrown at [C:\src\AOSP-openjdk-git\hotspot\src\share\vm\classfile\systemDictionary.cpp, line 210]
Event: 22.339 Thread 0x00000000184b8000 Exception <a 'java/lang/ClassNotFoundException': org/gradle/api/internal/file/collections/DefaultConfigurableFileTreeCustomizer> (0x00000000e14974d8) thrown at [C:\src\AOSP-openjdk-git\hotspot\src\share\vm\classfile\systemDictionary.cpp, line 210]

Events (10 events):
Event: 22.455 loading class com/sun/org/apache/xerces/internal/jaxp/SAXParserImpl
Event: 22.470 loading class com/sun/org/apache/xerces/internal/xs/PSVIProvider
Event: 22.476 loading class com/sun/org/apache/xerces/internal/xs/PSVIProvider done
Event: 22.476 loading class javax/xml/parsers/SAXParser
Event: 22.486 loading class javax/xml/parsers/SAXParser done
Event: 22.486 loading class com/sun/org/apache/xerces/internal/jaxp/SAXParserImpl done
Event: 22.487 loading class com/sun/org/apache/xerces/internal/jaxp/SAXParserImpl$JAXPSAXParser
Event: 22.497 loading class com/sun/org/apache/xerces/internal/parsers/SAXParser
Event: 22.534 loading class com/sun/org/apache/xerces/internal/parsers/AbstractSAXParser
Event: 22.535 loading class org/xml/sax/Parser


Dynamic libraries:
0x00007ff627610000 - 0x00007ff627641000 	D:\Program Files\Android\Android Studio\jre\bin\java.exe
0x00007ff9fe2b0000 - 0x00007ff9fe4a5000 	C:\WINDOWS\SYSTEM32\ntdll.dll
0x00007ff9fe010000 - 0x00007ff9fe0cd000 	C:\WINDOWS\System32\KERNEL32.DLL
0x00007ff9fbb00000 - 0x00007ff9fbdc8000 	C:\WINDOWS\System32\KERNELBASE.dll
0x00007ff9fc9e0000 - 0x00007ff9fca8c000 	C:\WINDOWS\System32\ADVAPI32.dll
0x00007ff9fc940000 - 0x00007ff9fc9de000 	C:\WINDOWS\System32\msvcrt.dll
0x00007ff9fdb30000 - 0x00007ff9fdbcb000 	C:\WINDOWS\System32\sechost.dll
0x00007ff9fcb20000 - 0x00007ff9fcc4b000 	C:\WINDOWS\System32\RPCRT4.dll
0x00007ff9fe0d0000 - 0x00007ff9fe270000 	C:\WINDOWS\System32\USER32.dll
0x00007ff9fb9f0000 - 0x00007ff9fba12000 	C:\WINDOWS\System32\win32u.dll
0x00007ff9fc830000 - 0x00007ff9fc85a000 	C:\WINDOWS\System32\GDI32.dll
0x00007ff9fbe80000 - 0x00007ff9fbf8b000 	C:\WINDOWS\System32\gdi32full.dll
0x00007ff9fbf90000 - 0x00007ff9fc02d000 	C:\WINDOWS\System32\msvcp_win.dll
0x00007ff9fc210000 - 0x00007ff9fc310000 	C:\WINDOWS\System32\ucrtbase.dll
0x00007ff9e92a0000 - 0x00007ff9e953a000 	C:\WINDOWS\WinSxS\amd64_microsoft.windows.common-controls_6595b64144ccf1df_6.0.19041.844_none_ca00b6081b84eb1d\COMCTL32.dll
0x00007ff9fdb00000 - 0x00007ff9fdb30000 	C:\WINDOWS\System32\IMM32.DLL
0x00000000616f0000 - 0x00000000617c2000 	D:\Program Files\Android\Android Studio\jre\jre\bin\msvcr100.dll
0x00000000617d0000 - 0x000000006201b000 	D:\Program Files\Android\Android Studio\jre\jre\bin\server\jvm.dll
0x00007ff9fcaa0000 - 0x00007ff9fcaa8000 	C:\WINDOWS\System32\PSAPI.DLL
0x00007ff9e7e70000 - 0x00007ff9e7e79000 	C:\WINDOWS\SYSTEM32\WSOCK32.dll
0x00007ff9fd1c0000 - 0x00007ff9fd22b000 	C:\WINDOWS\System32\WS2_32.dll
0x00007ff9f2430000 - 0x00007ff9f243a000 	C:\WINDOWS\SYSTEM32\VERSION.dll
0x00007ff9e8040000 - 0x00007ff9e8067000 	C:\WINDOWS\SYSTEM32\WINMM.dll
0x00007ff9f6580000 - 0x00007ff9f658f000 	D:\Program Files\Android\Android Studio\jre\jre\bin\verify.dll
0x00007ff9f61c0000 - 0x00007ff9f61e9000 	D:\Program Files\Android\Android Studio\jre\jre\bin\java.dll
0x00007ff9f61a0000 - 0x00007ff9f61b6000 	D:\Program Files\Android\Android Studio\jre\jre\bin\zip.dll
0x00007ff9fd3b0000 - 0x00007ff9fdaf2000 	C:\WINDOWS\System32\SHELL32.dll
0x00007ff9f9b40000 - 0x00007ff9fa2d0000 	C:\WINDOWS\SYSTEM32\windows.storage.dll
0x00007ff9fccb0000 - 0x00007ff9fd005000 	C:\WINDOWS\System32\combase.dll
0x00007ff9fb390000 - 0x00007ff9fb3bc000 	C:\WINDOWS\SYSTEM32\Wldp.dll
0x00007ff9fd230000 - 0x00007ff9fd2de000 	C:\WINDOWS\System32\SHCORE.dll
0x00007ff9fdbd0000 - 0x00007ff9fdc25000 	C:\WINDOWS\System32\shlwapi.dll
0x00007ff9fb930000 - 0x00007ff9fb94f000 	C:\WINDOWS\SYSTEM32\profapi.dll
0x00007ff9f4ac0000 - 0x00007ff9f4ada000 	D:\Program Files\Android\Android Studio\jre\jre\bin\net.dll
0x00007ff9fb100000 - 0x00007ff9fb16a000 	C:\WINDOWS\system32\mswsock.dll
0x00007ff9f4410000 - 0x00007ff9f4423000 	D:\Program Files\Android\Android Studio\jre\jre\bin\nio.dll
0x00007ff9e2c80000 - 0x00007ff9e2ca6000 	C:\Users\Samsung\.gradle\native\fdc75f09e3144964f2cf3f50f0aa648679c211496f362492102eb8c894070792\windows-amd64\native-platform.dll
0x00007ff9ce830000 - 0x00007ff9ce9c1000 	C:\Users\Samsung\.gradle\native\12488b8bf47d2d4c9fbf2f6322a914ad602e24e48041cd04a747c6da556b65c4\windows-amd64\native-platform-file-events.dll
0x00007ff9f6190000 - 0x00007ff9f619d000 	D:\Program Files\Android\Android Studio\jre\jre\bin\management.dll
0x00007ff9fb2e0000 - 0x00007ff9fb2f8000 	C:\WINDOWS\SYSTEM32\CRYPTSP.dll
0x00007ff9faaa0000 - 0x00007ff9faad4000 	C:\WINDOWS\system32\rsaenh.dll
0x00007ff9fbad0000 - 0x00007ff9fbaf7000 	C:\WINDOWS\System32\bcrypt.dll
0x00007ff9fb8f0000 - 0x00007ff9fb91e000 	C:\WINDOWS\SYSTEM32\USERENV.dll
0x00007ff9fc190000 - 0x00007ff9fc210000 	C:\WINDOWS\System32\bcryptprimitives.dll
0x00007ff9fb2d0000 - 0x00007ff9fb2dc000 	C:\WINDOWS\SYSTEM32\CRYPTBASE.dll
0x00007ff9fadf0000 - 0x00007ff9fae2b000 	C:\WINDOWS\SYSTEM32\IPHLPAPI.DLL
0x00007ff9fcb10000 - 0x00007ff9fcb18000 	C:\WINDOWS\System32\NSI.dll
0x00007ff9f2b90000 - 0x00007ff9f2ba7000 	C:\WINDOWS\SYSTEM32\dhcpcsvc6.DLL
0x00007ff9f2b40000 - 0x00007ff9f2b5d000 	C:\WINDOWS\SYSTEM32\dhcpcsvc.DLL
0x00007ff9fae30000 - 0x00007ff9faefc000 	C:\WINDOWS\SYSTEM32\DNSAPI.dll
0x00007ff9f3050000 - 0x00007ff9f305b000 	C:\WINDOWS\SYSTEM32\WINNSI.DLL

VM Arguments:
jvm_args: -Xmx1536m -Dfile.encoding=x-windows-949 -Duser.country=KR -Duser.language=ko -Duser.variant 
java_command: org.gradle.launcher.daemon.bootstrap.GradleDaemon 6.7
java_class_path (initial): C:\Users\Samsung\.gradle\wrapper\dists\gradle-6.7-bin\efvqh8uyq79v2n7rcncuhu9sv\gradle-6.7\lib\gradle-launcher-6.7.jar
Launcher Type: SUN_STANDARD

Environment Variables:
JAVA_HOME=D:\Program Files\Java\jdk-11.0.4
PATH=D:\OracleDB\product\11.2.0\dbhome_1\bin;D:\Program Files\Java\jdk-11.0.4\bin;C:\Program Files (x86)\Common Files\Oracle\Java\javapath;C:\WINDOWS\system32;C:\WINDOWS;C:\WINDOWS\System32\Wbem;C:\WINDOWS\System32\WindowsPowerShell\v1.0\;C:\Program Files\Microsoft SQL Server\130\Tools\Binn\;C:\WINDOWS\System32\OpenSSH\;D:\Program Files\Java\jdk-11.0.4\bin;D:\Program Files\PuTTY\;C:\Program Files\MySQL\MySQL Server 8.0\bin;C:\Program Files\Git\cmd;C:\Users\Samsung\AppData\Local\Programs\Python\Python37;D:\Program Files\gradle-6.2.1\bin;C:\Program Files\MySQL\MySQL Shell 8.0\bin\;C:\Users\Samsung\AppData\Local\Microsoft\WindowsApps;C:\Users\Samsung\AppData\Local\Programs\Python\Python37\Scripts;;C:\Program Files (x86)\ESTsoft\ALSee\x64
USERNAME=Samsung
OS=Windows_NT
PROCESSOR_IDENTIFIER=Intel64 Family 6 Model 142 Stepping 9, GenuineIntel



---------------  S Y S T E M  ---------------

OS: Windows 10.0 , 64 bit Build 19041 (10.0.19041.928)

CPU:total 4 (initial active 4) (2 cores per cpu, 2 threads per core) family 6 model 142 stepping 9, cmov, cx8, fxsr, mmx, sse, sse2, sse3, ssse3, sse4.1, sse4.2, popcnt, avx, avx2, aes, clmul, erms, 3dnowpref, lzcnt, ht, tsc, tscinvbit, bmi1, bmi2, adx

Memory: 4k page, physical 8299116k(1847064k free), swap 12493420k(5128k free)

vm_info: OpenJDK 64-Bit Server VM (25.242-b01) for windows-amd64 JRE (1.8.0_242-release-1644-b01), built by "builder" with MS VC++ 10.0 (VS2010)

time: Thu Jun 10 18:41:47 2021
timezone: 대한민국 표준시
elapsed time: 22 seconds (0d 0h 0m 22s)

