#
# There is insufficient memory for the Java Runtime Environment to continue.
# Native memory allocation (malloc) failed to allocate 1698608 bytes for Chunk::new
# Possible reasons:
#   The system is out of physical RAM or swap space
#   The process is running with CompressedOops enabled, and the Java Heap may be blocking the growth of the native heap
# Possible solutions:
#   Reduce memory load on the system
#   Increase physical memory or swap space
#   Check if swap backing store is full
#   Decrease Java heap size (-Xmx/-Xms)
#   Decrease number of Java threads
#   Decrease Java thread stack sizes (-Xss)
#   Set larger code cache with -XX:ReservedCodeCacheSize=
#   JVM is running with Unscaled Compressed Oops mode in which the Java heap is
#     placed in the first 4GB address space. The Java Heap base address is the
#     maximum limit for the native heap growth. Please use -XX:HeapBaseMinAddress
#     to set the Java Heap base and to place the Java Heap above 4GB virtual address.
# This output file may be truncated or incomplete.
#
#  Out of Memory Error (allocation.cpp:389), pid=16748, tid=0x0000000000000830
#
# JRE version: OpenJDK Runtime Environment (8.0_242-b01) (build 1.8.0_242-release-1644-b01)
# Java VM: OpenJDK 64-Bit Server VM (25.242-b01 mixed mode windows-amd64 compressed oops)
# Failed to write core dump. Minidumps are not enabled by default on client versions of Windows
#

---------------  T H R E A D  ---------------

Current thread (0x000000001612a000):  JavaThread "C2 CompilerThread1" daemon [_thread_in_native, id=2096, stack(0x0000000017b30000,0x0000000017c30000)]

Stack: [0x0000000017b30000,0x0000000017c30000]
[error occurred during error reporting (printing stack bounds), id 0xc0000005]

Native frames: (J=compiled Java code, j=interpreted, Vv=VM code, C=native code)


Current CompileTask:
C2:  25823 10372       4       org.gradle.internal.instantiation.generator.AbstractClassGenerator::inspectType (560 bytes)


---------------  P R O C E S S  ---------------

Java Threads: ( => current thread )
  0x0000000021629000 JavaThread "ForkJoinPool.commonPool-worker-3" daemon [_thread_blocked, id=11044, stack(0x000000002b0f0000,0x000000002b1f0000)]
  0x0000000021630000 JavaThread "ForkJoinPool.commonPool-worker-2" daemon [_thread_blocked, id=1828, stack(0x000000002aff0000,0x000000002b0f0000)]
  0x0000000021628800 JavaThread "ForkJoinPool.commonPool-worker-1" daemon [_thread_blocked, id=15256, stack(0x000000002aef0000,0x000000002aff0000)]
  0x000000002162b800 JavaThread "WorkerExecutor Queue Thread 2" [_thread_blocked, id=3240, stack(0x000000002adf0000,0x000000002aef0000)]
  0x000000002162e800 JavaThread "WorkerExecutor Queue" [_thread_blocked, id=18340, stack(0x000000002acf0000,0x000000002adf0000)]
  0x000000001e523000 JavaThread "Cache worker for execution history cache (D:\capstone\Planture\.gradle\6.7\executionHistory)" [_thread_blocked, id=6864, stack(0x000000002a5f0000,0x000000002a6f0000)]
  0x000000001e523800 JavaThread "Execution worker for ':' Thread 3" [_thread_blocked, id=6528, stack(0x00000000290a0000,0x00000000291a0000)]
  0x000000001e51f000 JavaThread "Execution worker for ':' Thread 2" [_thread_in_Java, id=12112, stack(0x0000000028b10000,0x0000000028c10000)]
  0x000000001e520000 JavaThread "Execution worker for ':'" [_thread_blocked, id=5316, stack(0x00000000281c0000,0x00000000282c0000)]
  0x000000001e9d3800 JavaThread "Memory manager" [_thread_blocked, id=8536, stack(0x0000000027ec0000,0x0000000027fc0000)]
  0x000000001e9d1800 JavaThread "jar transforms Thread 91" [_thread_blocked, id=18220, stack(0x00000000277c0000,0x00000000278c0000)]
  0x000000001e9d6000 JavaThread "jar transforms Thread 90" [_thread_blocked, id=1436, stack(0x00000000276c0000,0x00000000277c0000)]
  0x000000001e9d4800 JavaThread "jar transforms Thread 89" [_thread_blocked, id=16112, stack(0x00000000275c0000,0x00000000276c0000)]
  0x000000001e9d6800 JavaThread "jar transforms Thread 88" [_thread_blocked, id=11164, stack(0x00000000274c0000,0x00000000275c0000)]
  0x000000001e9d0000 JavaThread "jar transforms Thread 87" [_thread_blocked, id=10280, stack(0x00000000273c0000,0x00000000274c0000)]
  0x000000001e9d2000 JavaThread "jar transforms Thread 86" [_thread_blocked, id=19568, stack(0x00000000272c0000,0x00000000273c0000)]
  0x000000001e9d5000 JavaThread "jar transforms Thread 85" [_thread_blocked, id=11420, stack(0x00000000271c0000,0x00000000272c0000)]
  0x000000001e9d0800 JavaThread "jar transforms Thread 84" [_thread_blocked, id=7824, stack(0x00000000270c0000,0x00000000271c0000)]
  0x000000001e9c8800 JavaThread "jar transforms Thread 83" [_thread_blocked, id=19956, stack(0x0000000026fc0000,0x00000000270c0000)]
  0x000000001e9cf000 JavaThread "jar transforms Thread 82" [_thread_blocked, id=14608, stack(0x0000000026ec0000,0x0000000026fc0000)]
  0x000000001e9ce800 JavaThread "jar transforms Thread 81" [_thread_blocked, id=16472, stack(0x0000000026dc0000,0x0000000026ec0000)]
  0x000000001e9cb800 JavaThread "jar transforms Thread 80" [_thread_blocked, id=13040, stack(0x0000000026bc0000,0x0000000026cc0000)]
  0x000000001e9ca800 JavaThread "jar transforms Thread 79" [_thread_blocked, id=11732, stack(0x0000000026ac0000,0x0000000026bc0000)]
  0x000000001e9cc000 JavaThread "jar transforms Thread 78" [_thread_blocked, id=8772, stack(0x00000000269c0000,0x0000000026ac0000)]
  0x000000001e9cd800 JavaThread "jar transforms Thread 77" [_thread_blocked, id=2064, stack(0x00000000268c0000,0x00000000269c0000)]
  0x000000001e9c9000 JavaThread "jar transforms Thread 76" [_thread_blocked, id=9588, stack(0x00000000267c0000,0x00000000268c0000)]
  0x000000001e9ca000 JavaThread "jar transforms Thread 75" [_thread_blocked, id=19564, stack(0x00000000266c0000,0x00000000267c0000)]
  0x000000001e9cd000 JavaThread "jar transforms Thread 74" [_thread_blocked, id=19236, stack(0x00000000265c0000,0x00000000266c0000)]
  0x000000001cd61800 JavaThread "jar transforms Thread 73" [_thread_blocked, id=10264, stack(0x00000000264c0000,0x00000000265c0000)]
  0x000000001cd62000 JavaThread "jar transforms Thread 72" [_thread_blocked, id=10568, stack(0x00000000263c0000,0x00000000264c0000)]
  0x000000001cd66000 JavaThread "jar transforms Thread 71" [_thread_blocked, id=10376, stack(0x00000000262c0000,0x00000000263c0000)]
  0x000000001cd5e800 JavaThread "jar transforms Thread 70" [_thread_blocked, id=13292, stack(0x00000000261c0000,0x00000000262c0000)]
  0x000000001cd65000 JavaThread "jar transforms Thread 69" [_thread_blocked, id=16436, stack(0x00000000260c0000,0x00000000261c0000)]
  0x000000001cd64800 JavaThread "jar transforms Thread 68" [_thread_blocked, id=3500, stack(0x0000000025fc0000,0x00000000260c0000)]
  0x000000001cd60800 JavaThread "jar transforms Thread 67" [_thread_blocked, id=17420, stack(0x0000000025ec0000,0x0000000025fc0000)]
  0x000000001cd63800 JavaThread "jar transforms Thread 66" [_thread_blocked, id=15876, stack(0x0000000025dc0000,0x0000000025ec0000)]
  0x000000001cd63000 JavaThread "jar transforms Thread 65" [_thread_blocked, id=2444, stack(0x0000000025cc0000,0x0000000025dc0000)]
  0x000000001cd59800 JavaThread "jar transforms Thread 64" [_thread_blocked, id=4276, stack(0x0000000025bc0000,0x0000000025cc0000)]
  0x000000001cd60000 JavaThread "jar transforms Thread 63" [_thread_blocked, id=18172, stack(0x0000000025ac0000,0x0000000025bc0000)]
  0x000000001cd5f000 JavaThread "jar transforms Thread 62" [_thread_blocked, id=18436, stack(0x00000000259c0000,0x0000000025ac0000)]
  0x000000001cd56800 JavaThread "jar transforms Thread 61" [_thread_blocked, id=11960, stack(0x00000000258c0000,0x00000000259c0000)]
  0x000000001cd58000 JavaThread "jar transforms Thread 60" [_thread_blocked, id=3200, stack(0x00000000257c0000,0x00000000258c0000)]
  0x000000001cd5c800 JavaThread "jar transforms Thread 59" [_thread_blocked, id=2152, stack(0x00000000256c0000,0x00000000257c0000)]
  0x000000001cd57800 JavaThread "jar transforms Thread 58" [_thread_blocked, id=20136, stack(0x00000000255c0000,0x00000000256c0000)]
  0x000000001cd5b000 JavaThread "jar transforms Thread 57" [_thread_blocked, id=13048, stack(0x00000000254c0000,0x00000000255c0000)]
  0x000000001cd5d800 JavaThread "jar transforms Thread 56" [_thread_blocked, id=18684, stack(0x00000000253c0000,0x00000000254c0000)]
  0x000000001cd5c000 JavaThread "jar transforms Thread 55" [_thread_blocked, id=19668, stack(0x00000000252c0000,0x00000000253c0000)]
  0x000000001cd5a800 JavaThread "jar transforms Thread 54" [_thread_blocked, id=12124, stack(0x00000000251c0000,0x00000000252c0000)]
  0x000000001cd59000 JavaThread "jar transforms Thread 53" [_thread_blocked, id=12212, stack(0x00000000250c0000,0x00000000251c0000)]
  0x0000000018569000 JavaThread "jar transforms Thread 52" [_thread_blocked, id=13004, stack(0x0000000024fc0000,0x00000000250c0000)]
  0x0000000018567800 JavaThread "jar transforms Thread 51" [_thread_blocked, id=14524, stack(0x0000000024ec0000,0x0000000024fc0000)]
  0x0000000018568000 JavaThread "jar transforms Thread 50" [_thread_blocked, id=19944, stack(0x0000000024dc0000,0x0000000024ec0000)]
  0x0000000018566000 JavaThread "jar transforms Thread 49" [_thread_blocked, id=9360, stack(0x0000000024cc0000,0x0000000024dc0000)]
  0x0000000018566800 JavaThread "jar transforms Thread 48" [_thread_blocked, id=20400, stack(0x0000000024bc0000,0x0000000024cc0000)]
  0x0000000018565000 JavaThread "jar transforms Thread 47" [_thread_blocked, id=9232, stack(0x0000000024ac0000,0x0000000024bc0000)]
  0x0000000018564800 JavaThread "jar transforms Thread 46" [_thread_blocked, id=11076, stack(0x00000000249c0000,0x0000000024ac0000)]
  0x0000000018563800 JavaThread "jar transforms Thread 45" [_thread_blocked, id=19660, stack(0x00000000248c0000,0x00000000249c0000)]
  0x000000001855c000 JavaThread "jar transforms Thread 44" [_thread_blocked, id=15040, stack(0x00000000247c0000,0x00000000248c0000)]
  0x0000000018563000 JavaThread "jar transforms Thread 43" [_thread_blocked, id=13340, stack(0x00000000246c0000,0x00000000247c0000)]
  0x000000001855b800 JavaThread "jar transforms Thread 42" [_thread_blocked, id=19616, stack(0x00000000245c0000,0x00000000246c0000)]
  0x0000000018561800 JavaThread "jar transforms Thread 41" [_thread_blocked, id=6736, stack(0x00000000244c0000,0x00000000245c0000)]
  0x0000000018560800 JavaThread "jar transforms Thread 40" [_thread_blocked, id=11600, stack(0x00000000243c0000,0x00000000244c0000)]
  0x000000001855d800 JavaThread "jar transforms Thread 39" [_thread_blocked, id=11844, stack(0x00000000242c0000,0x00000000243c0000)]
  0x0000000018562000 JavaThread "jar transforms Thread 38" [_thread_blocked, id=8952, stack(0x00000000241c0000,0x00000000242c0000)]
  0x0000000018560000 JavaThread "jar transforms Thread 37" [_thread_blocked, id=7992, stack(0x00000000240c0000,0x00000000241c0000)]
  0x000000001855f000 JavaThread "jar transforms Thread 36" [_thread_blocked, id=19912, stack(0x0000000023fc0000,0x00000000240c0000)]
  0x000000001855d000 JavaThread "jar transforms Thread 35" [_thread_blocked, id=6924, stack(0x0000000023ec0000,0x0000000023fc0000)]
  0x000000001855e800 JavaThread "jar transforms Thread 34" [_thread_blocked, id=16916, stack(0x0000000023dc0000,0x0000000023ec0000)]
  0x000000001855a800 JavaThread "jar transforms Thread 33" [_thread_blocked, id=20452, stack(0x0000000023cc0000,0x0000000023dc0000)]
  0x000000001855a000 JavaThread "jar transforms Thread 32" [_thread_blocked, id=11476, stack(0x0000000023bc0000,0x0000000023cc0000)]
  0x00000000184be800 JavaThread "jar transforms Thread 31" [_thread_blocked, id=1016, stack(0x0000000023ac0000,0x0000000023bc0000)]
  0x00000000184be000 JavaThread "jar transforms Thread 30" [_thread_blocked, id=12080, stack(0x00000000239c0000,0x0000000023ac0000)]
  0x00000000184bf800 JavaThread "jar transforms Thread 29" [_thread_blocked, id=7308, stack(0x00000000238c0000,0x00000000239c0000)]
  0x00000000184bd000 JavaThread "jar transforms Thread 28" [_thread_blocked, id=6076, stack(0x00000000237c0000,0x00000000238c0000)]
  0x00000000184bc800 JavaThread "jar transforms Thread 27" [_thread_blocked, id=10972, stack(0x00000000236c0000,0x00000000237c0000)]
  0x00000000184bb800 JavaThread "jar transforms Thread 26" [_thread_blocked, id=2524, stack(0x00000000235c0000,0x00000000236c0000)]
  0x00000000184bb000 JavaThread "jar transforms Thread 25" [_thread_blocked, id=460, stack(0x00000000234c0000,0x00000000235c0000)]
  0x00000000184ba000 JavaThread "jar transforms Thread 24" [_thread_blocked, id=10636, stack(0x00000000233c0000,0x00000000234c0000)]
  0x00000000184c0000 JavaThread "jar transforms Thread 23" [_thread_blocked, id=19848, stack(0x00000000232c0000,0x00000000233c0000)]
  0x00000000184b2800 JavaThread "jar transforms Thread 22" [_thread_blocked, id=11632, stack(0x00000000231c0000,0x00000000232c0000)]
  0x00000000184b3800 JavaThread "jar transforms Thread 21" [_thread_blocked, id=1636, stack(0x00000000230c0000,0x00000000231c0000)]
  0x00000000184b9800 JavaThread "jar transforms Thread 20" [_thread_blocked, id=6164, stack(0x0000000022fc0000,0x00000000230c0000)]
  0x00000000184b8800 JavaThread "jar transforms Thread 19" [_thread_blocked, id=12564, stack(0x0000000022ec0000,0x0000000022fc0000)]
  0x00000000184b1000 JavaThread "jar transforms Thread 18" [_thread_blocked, id=20172, stack(0x0000000022dc0000,0x0000000022ec0000)]
  0x00000000184b2000 JavaThread "jar transforms Thread 17" [_thread_blocked, id=19800, stack(0x0000000022cc0000,0x0000000022dc0000)]
  0x00000000184b5800 JavaThread "jar transforms Thread 16" [_thread_blocked, id=6268, stack(0x0000000022bc0000,0x0000000022cc0000)]
  0x00000000184b7000 JavaThread "jar transforms Thread 15" [_thread_blocked, id=10596, stack(0x0000000022ac0000,0x0000000022bc0000)]
  0x00000000184b8000 JavaThread "jar transforms Thread 14" [_thread_blocked, id=17300, stack(0x00000000229c0000,0x0000000022ac0000)]
  0x00000000184b4000 JavaThread "jar transforms Thread 13" [_thread_blocked, id=13472, stack(0x00000000228c0000,0x00000000229c0000)]
  0x00000000184b6800 JavaThread "jar transforms Thread 12" [_thread_blocked, id=10344, stack(0x00000000227c0000,0x00000000228c0000)]
  0x00000000184b5000 JavaThread "jar transforms Thread 11" [_thread_blocked, id=2592, stack(0x00000000226c0000,0x00000000227c0000)]
  0x00000000192cc800 JavaThread "jar transforms Thread 10" [_thread_blocked, id=14676, stack(0x00000000225c0000,0x00000000226c0000)]
  0x00000000192cb000 JavaThread "jar transforms Thread 9" [_thread_blocked, id=9068, stack(0x00000000221a0000,0x00000000222a0000)]
  0x00000000192cb800 JavaThread "jar transforms Thread 8" [_thread_blocked, id=7452, stack(0x00000000220a0000,0x00000000221a0000)]
  0x00000000192ca000 JavaThread "jar transforms Thread 7" [_thread_blocked, id=12312, stack(0x0000000021fa0000,0x00000000220a0000)]
  0x00000000192c9800 JavaThread "Build operations Thread 4" [_thread_blocked, id=10660, stack(0x0000000021ea0000,0x0000000021fa0000)]
  0x00000000192c8800 JavaThread "Build operations Thread 3" [_thread_blocked, id=6296, stack(0x0000000021da0000,0x0000000021ea0000)]
  0x00000000192c8000 JavaThread "Build operations Thread 2" [_thread_blocked, id=3648, stack(0x0000000021ca0000,0x0000000021da0000)]
  0x00000000192cd000 JavaThread "Build operations" [_thread_blocked, id=16072, stack(0x0000000021ba0000,0x0000000021ca0000)]
  0x00000000192c0000 JavaThread "Cache worker for Build Output Cleanup Cache (D:\capstone\Planture\.gradle\buildOutputCleanup)" [_thread_blocked, id=7428, stack(0x00000000204b0000,0x00000000205b0000)]
  0x00000000192c4000 JavaThread "Cache worker for file content cache (C:\Users\Samsung\.gradle\caches\6.7\fileContent)" [_thread_blocked, id=3028, stack(0x00000000203b0000,0x00000000204b0000)]
  0x00000000192c1800 JavaThread "Cache worker for execution history cache (C:\Users\Samsung\.gradle\caches\6.7\executionHistory)" [_thread_blocked, id=13980, stack(0x000000001feb0000,0x000000001ffb0000)]
  0x00000000192be800 JavaThread "Cache worker for cache directory md-rule (C:\Users\Samsung\.gradle\caches\6.7\md-rule)" [_thread_blocked, id=2720, stack(0x000000001fbb0000,0x000000001fcb0000)]
  0x00000000192bf800 JavaThread "Cache worker for cache directory md-supplier (C:\Users\Samsung\.gradle\caches\6.7\md-supplier)" [_thread_blocked, id=7256, stack(0x000000001fab0000,0x000000001fbb0000)]
  0x000000001800b000 JavaThread "Cache worker for checksums cache (D:\capstone\Planture\.gradle\checksums)" [_thread_blocked, id=6124, stack(0x000000001f5a0000,0x000000001f6a0000)]
  0x0000000018009800 JavaThread "jar transforms Thread 6" [_thread_blocked, id=3976, stack(0x000000001f4a0000,0x000000001f5a0000)]
  0x0000000018009000 JavaThread "jar transforms Thread 5" [_thread_blocked, id=7648, stack(0x000000001f3a0000,0x000000001f4a0000)]
  0x000000001800f000 JavaThread "jar transforms Thread 4" [_thread_blocked, id=19612, stack(0x000000001f2a0000,0x000000001f3a0000)]
  0x000000001800a800 JavaThread "jar transforms Thread 3" [_thread_blocked, id=9940, stack(0x000000001e150000,0x000000001e250000)]
  0x000000001800e000 JavaThread "jar transforms Thread 2" [_thread_blocked, id=19076, stack(0x000000001e050000,0x000000001e150000)]
  0x000000001800c000 JavaThread "jar transforms" [_thread_blocked, id=9800, stack(0x000000001df50000,0x000000001e050000)]
  0x000000001800d800 JavaThread "Cache worker for file hash cache (D:\capstone\Planture\.gradle\6.7\fileHashes)" [_thread_blocked, id=19792, stack(0x000000001de50000,0x000000001df50000)]
  0x000000001800c800 JavaThread "Cache worker for journal cache (C:\Users\Samsung\.gradle\caches\journal-1)" [_thread_blocked, id=18696, stack(0x000000001bdb0000,0x000000001beb0000)]
  0x0000000018010000 JavaThread "File lock request listener" [_thread_in_native, id=9008, stack(0x000000001bab0000,0x000000001bbb0000)]
  0x0000000019d1c000 JavaThread "Cache worker for file hash cache (C:\Users\Samsung\.gradle\caches\6.7\fileHashes)" [_thread_blocked, id=2864, stack(0x000000001b9b0000,0x000000001bab0000)]
  0x0000000017f76000 JavaThread "Thread-9" [_thread_blocked, id=15940, stack(0x000000001b6b0000,0x000000001b7b0000)]
  0x0000000018eb9800 JavaThread "Stdin handler" [_thread_blocked, id=7232, stack(0x000000001b5b0000,0x000000001b6b0000)]
  0x0000000018ebd800 JavaThread "Asynchronous log dispatcher for DefaultDaemonConnection: socket connection from /127.0.0.1:56239 to /127.0.0.1:56240" [_thread_blocked, id=16612, stack(0x000000001b4b0000,0x000000001b5b0000)]
  0x000000001854b000 JavaThread "Daemon worker" [_thread_blocked, id=2704, stack(0x000000001b3b0000,0x000000001b4b0000)]
  0x0000000018548000 JavaThread "Cancel handler" [_thread_blocked, id=6944, stack(0x000000001b2b0000,0x000000001b3b0000)]
  0x00000000197e6800 JavaThread "Handler for socket connection from /127.0.0.1:56239 to /127.0.0.1:56240" [_thread_in_native, id=3720, stack(0x000000001b1b0000,0x000000001b2b0000)]
  0x00000000197e2800 JavaThread "Daemon" [_thread_blocked, id=16064, stack(0x000000001b0b0000,0x000000001b1b0000)]
  0x00000000197df000 JavaThread "Daemon periodic checks" [_thread_blocked, id=9200, stack(0x000000001adb0000,0x000000001aeb0000)]
  0x0000000018786000 JavaThread "Incoming local TCP Connector on port 56239" [_thread_in_native, id=7584, stack(0x000000001abd0000,0x000000001acd0000)]
  0x0000000017561000 JavaThread "Daemon health stats" [_thread_blocked, id=18636, stack(0x000000001a8d0000,0x000000001a9d0000)]
  0x00000000174bb000 JavaThread "Service Thread" daemon [_thread_blocked, id=15196, stack(0x0000000017d30000,0x0000000017e30000)]
  0x000000001748d800 JavaThread "C1 CompilerThread2" daemon [_thread_blocked, id=18368, stack(0x0000000017c30000,0x0000000017d30000)]
=>0x000000001612a000 JavaThread "C2 CompilerThread1" daemon [_thread_in_native, id=2096, stack(0x0000000017b30000,0x0000000017c30000)]
  0x00000000160db800 JavaThread "C2 CompilerThread0" daemon [_thread_blocked, id=3088, stack(0x0000000017a30000,0x0000000017b30000)]
  0x00000000160da800 JavaThread "Attach Listener" daemon [_thread_blocked, id=16912, stack(0x0000000017930000,0x0000000017a30000)]
  0x0000000017440800 JavaThread "Signal Dispatcher" daemon [_thread_blocked, id=10988, stack(0x0000000017830000,0x0000000017930000)]
  0x000000000275b000 JavaThread "Finalizer" daemon [_thread_blocked, id=3684, stack(0x0000000017330000,0x0000000017430000)]
  0x00000000160b9000 JavaThread "Reference Handler" daemon [_thread_blocked, id=14836, stack(0x0000000017230000,0x0000000017330000)]
  0x000000000255e800 JavaThread "main" [_thread_blocked, id=18392, stack(0x0000000002560000,0x0000000002660000)]

Other Threads:
  0x0000000016096000 VMThread [stack: 0x0000000017130000,0x0000000017230000] [id=20196]
  0x00000000174bb800 WatcherThread [stack: 0x0000000017e30000,0x0000000017f30000] [id=3472]

VM state:not at safepoint (normal execution)

VM Mutex/Monitor currently owned by a thread: None

heap address: 0x00000000a0000000, size: 1536 MB, Compressed Oops mode: 32-bit
Narrow klass base: 0x0000000000000000, Narrow klass shift: 3
Compressed class space size: 1073741824 Address: 0x0000000100000000

Heap:
 PSYoungGen      total 265728K, used 21874K [0x00000000e0000000, 0x00000000f8600000, 0x0000000100000000)
  eden space 237056K, 9% used [0x00000000e0000000,0x00000000e155cb88,0x00000000ee780000)
  from space 28672K, 0% used [0x00000000ee780000,0x00000000ee780000,0x00000000f0380000)
  to   space 57344K, 0% used [0x00000000f4e00000,0x00000000f4e00000,0x00000000f8600000)
 ParOldGen       total 264704K, used 116629K [0x00000000a0000000, 0x00000000b0280000, 0x00000000e0000000)
  object space 264704K, 44% used [0x00000000a0000000,0x00000000a71e5410,0x00000000b0280000)
 Metaspace       used 71620K, capacity 75858K, committed 76072K, reserved 1114112K
  class space    used 9842K, capacity 10696K, committed 10792K, reserved 1048576K

Card table byte_map: [0x0000000011b20000,0x0000000011e30000] byte_map_base: 0x0000000011620000

Marking Bits: (ParMarkBitMap*) 0x000000006201f030
 Begin Bits: [0x0000000012430000, 0x0000000013c30000)
 End Bits:   [0x0000000013c30000, 0x0000000015430000)

Polling page: 0x0000000000880000

CodeCache: size=245760Kb used=27661Kb max_used=28505Kb free=218098Kb
 bounds [0x0000000002760000, 0x0000000004370000, 0x0000000011760000]
 total_blobs=9893 nmethods=9081 adapters=724
 compilation: enabled

Compilation events (10 events):
Event: 25.693 Thread 0x000000001748d800 10675       3       java.util.Formatter::format (11 bytes)
Event: 25.693 Thread 0x000000001748d800 nmethod 10675 0x00000000039ac6d0 code [0x00000000039ac840, 0x00000000039aca68]
Event: 25.693 Thread 0x000000001748d800 10677       3       java.util.Formatter::toString (12 bytes)
Event: 25.693 Thread 0x000000001748d800 nmethod 10677 0x0000000002930710 code [0x00000000029308a0, 0x0000000002930bd8]
Event: 25.719 Thread 0x000000001748d800 10679       3       java.io.FileInputStream::read (9 bytes)
Event: 25.719 Thread 0x000000001748d800 nmethod 10679 0x0000000003468cd0 code [0x0000000003468e40, 0x0000000003468fc8]
Event: 25.723 Thread 0x000000001748d800 10680       3       com.google.common.io.ByteStreams$1::write (6 bytes)
Event: 25.723 Thread 0x000000001748d800 nmethod 10680 0x0000000003a08850 code [0x0000000003a089c0, 0x0000000003a08c68]
Event: 25.723 Thread 0x000000001748d800 10681       3       org.gradle.internal.hash.Hashing$MessageDigestHasher::putBytes (11 bytes)
Event: 25.723 Thread 0x000000001748d800 nmethod 10681 0x0000000003f144d0 code [0x0000000003f14660, 0x0000000003f149d8]

GC Heap History (10 events):
Event: 13.942 GC heap before
{Heap before GC invocations=15 (full 3):
 PSYoungGen      total 219136K, used 16072K [0x00000000e0000000, 0x00000000efc00000, 0x0000000100000000)
  eden space 201216K, 0% used [0x00000000e0000000,0x00000000e0000000,0x00000000ec480000)
  from space 17920K, 89% used [0x00000000ed800000,0x00000000ee7b2330,0x00000000ee980000)
  to   space 19968K, 0% used [0x00000000ec480000,0x00000000ec480000,0x00000000ed800000)
 ParOldGen       total 82944K, used 35058K [0x00000000a0000000, 0x00000000a5100000, 0x00000000e0000000)
  object space 82944K, 42% used [0x00000000a0000000,0x00000000a223ca38,0x00000000a5100000)
 Metaspace       used 56396K, capacity 59074K, committed 59160K, reserved 1099776K
  class space    used 7703K, capacity 8289K, committed 8360K, reserved 1048576K
Event: 14.184 GC heap after
Heap after GC invocations=15 (full 3):
 PSYoungGen      total 219136K, used 0K [0x00000000e0000000, 0x00000000efc00000, 0x0000000100000000)
  eden space 201216K, 0% used [0x00000000e0000000,0x00000000e0000000,0x00000000ec480000)
  from space 17920K, 0% used [0x00000000ed800000,0x00000000ed800000,0x00000000ee980000)
  to   space 19968K, 0% used [0x00000000ec480000,0x00000000ec480000,0x00000000ed800000)
 ParOldGen       total 129024K, used 36776K [0x00000000a0000000, 0x00000000a7e00000, 0x00000000e0000000)
  object space 129024K, 28% used [0x00000000a0000000,0x00000000a23ea158,0x00000000a7e00000)
 Metaspace       used 56377K, capacity 59008K, committed 59160K, reserved 1099776K
  class space    used 7697K, capacity 8278K, committed 8360K, reserved 1048576K
}
Event: 18.370 GC heap before
{Heap before GC invocations=16 (full 3):
 PSYoungGen      total 219136K, used 201215K [0x00000000e0000000, 0x00000000efc00000, 0x0000000100000000)
  eden space 201216K, 99% used [0x00000000e0000000,0x00000000ec47fe60,0x00000000ec480000)
  from space 17920K, 0% used [0x00000000ed800000,0x00000000ed800000,0x00000000ee980000)
  to   space 19968K, 0% used [0x00000000ec480000,0x00000000ec480000,0x00000000ed800000)
 ParOldGen       total 129024K, used 36776K [0x00000000a0000000, 0x00000000a7e00000, 0x00000000e0000000)
  object space 129024K, 28% used [0x00000000a0000000,0x00000000a23ea158,0x00000000a7e00000)
 Metaspace       used 65711K, capacity 69532K, committed 69544K, reserved 1110016K
  class space    used 9093K, capacity 9889K, committed 9896K, reserved 1048576K
Event: 18.419 GC heap after
Heap after GC invocations=16 (full 3):
 PSYoungGen      total 221184K, used 19943K [0x00000000e0000000, 0x00000000f1b00000, 0x0000000100000000)
  eden space 201216K, 0% used [0x00000000e0000000,0x00000000e0000000,0x00000000ec480000)
  from space 19968K, 99% used [0x00000000ec480000,0x00000000ed7f9e10,0x00000000ed800000)
  to   space 24064K, 0% used [0x00000000f0380000,0x00000000f0380000,0x00000000f1b00000)
 ParOldGen       total 129024K, used 39674K [0x00000000a0000000, 0x00000000a7e00000, 0x00000000e0000000)
  object space 129024K, 30% used [0x00000000a0000000,0x00000000a26be8b8,0x00000000a7e00000)
 Metaspace       used 65711K, capacity 69532K, committed 69544K, reserved 1110016K
  class space    used 9093K, capacity 9889K, committed 9896K, reserved 1048576K
}
Event: 21.864 GC heap before
{Heap before GC invocations=17 (full 3):
 PSYoungGen      total 221184K, used 221159K [0x00000000e0000000, 0x00000000f1b00000, 0x0000000100000000)
  eden space 201216K, 100% used [0x00000000e0000000,0x00000000ec480000,0x00000000ec480000)
  from space 19968K, 99% used [0x00000000ec480000,0x00000000ed7f9e10,0x00000000ed800000)
  to   space 24064K, 0% used [0x00000000f0380000,0x00000000f0380000,0x00000000f1b00000)
 ParOldGen       total 129024K, used 39674K [0x00000000a0000000, 0x00000000a7e00000, 0x00000000e0000000)
  object space 129024K, 30% used [0x00000000a0000000,0x00000000a26be8b8,0x00000000a7e00000)
 Metaspace       used 66711K, capacity 70736K, committed 70952K, reserved 1110016K
  class space    used 9160K, capacity 9985K, committed 10024K, reserved 1048576K
Event: 21.901 GC heap after
Heap after GC invocations=17 (full 3):
 PSYoungGen      total 261120K, used 24037K [0x00000000e0000000, 0x00000000f2180000, 0x0000000100000000)
  eden space 237056K, 0% used [0x00000000e0000000,0x00000000e0000000,0x00000000ee780000)
  from space 24064K, 99% used [0x00000000f0380000,0x00000000f1af94d0,0x00000000f1b00000)
  to   space 28672K, 0% used [0x00000000ee780000,0x00000000ee780000,0x00000000f0380000)
 ParOldGen       total 129024K, used 43082K [0x00000000a0000000, 0x00000000a7e00000, 0x00000000e0000000)
  object space 129024K, 33% used [0x00000000a0000000,0x00000000a2a12a88,0x00000000a7e00000)
 Metaspace       used 66711K, capacity 70736K, committed 70952K, reserved 1110016K
  class space    used 9160K, capacity 9985K, committed 10024K, reserved 1048576K
}
Event: 24.810 GC heap before
{Heap before GC invocations=18 (full 3):
 PSYoungGen      total 261120K, used 257835K [0x00000000e0000000, 0x00000000f2180000, 0x0000000100000000)
  eden space 237056K, 98% used [0x00000000e0000000,0x00000000ee451880,0x00000000ee780000)
  from space 24064K, 99% used [0x00000000f0380000,0x00000000f1af94d0,0x00000000f1b00000)
  to   space 28672K, 0% used [0x00000000ee780000,0x00000000ee780000,0x00000000f0380000)
 ParOldGen       total 129024K, used 47213K [0x00000000a0000000, 0x00000000a7e00000, 0x00000000e0000000)
  object space 129024K, 36% used [0x00000000a0000000,0x00000000a2e1b4e0,0x00000000a7e00000)
 Metaspace       used 71165K, capacity 75492K, committed 75816K, reserved 1114112K
  class space    used 9772K, capacity 10667K, committed 10792K, reserved 1048576K
Event: 24.876 GC heap after
Heap after GC invocations=18 (full 3):
 PSYoungGen      total 265728K, used 28652K [0x00000000e0000000, 0x00000000f8600000, 0x0000000100000000)
  eden space 237056K, 0% used [0x00000000e0000000,0x00000000e0000000,0x00000000ee780000)
  from space 28672K, 99% used [0x00000000ee780000,0x00000000f037b238,0x00000000f0380000)
  to   space 57344K, 0% used [0x00000000f4e00000,0x00000000f4e00000,0x00000000f8600000)
 ParOldGen       total 129024K, used 113218K [0x00000000a0000000, 0x00000000a7e00000, 0x00000000e0000000)
  object space 129024K, 87% used [0x00000000a0000000,0x00000000a6e90aa8,0x00000000a7e00000)
 Metaspace       used 71165K, capacity 75492K, committed 75816K, reserved 1114112K
  class space    used 9772K, capacity 10667K, committed 10792K, reserved 1048576K
}
Event: 24.876 GC heap before
{Heap before GC invocations=19 (full 4):
 PSYoungGen      total 265728K, used 28652K [0x00000000e0000000, 0x00000000f8600000, 0x0000000100000000)
  eden space 237056K, 0% used [0x00000000e0000000,0x00000000e0000000,0x00000000ee780000)
  from space 28672K, 99% used [0x00000000ee780000,0x00000000f037b238,0x00000000f0380000)
  to   space 57344K, 0% used [0x00000000f4e00000,0x00000000f4e00000,0x00000000f8600000)
 ParOldGen       total 129024K, used 113218K [0x00000000a0000000, 0x00000000a7e00000, 0x00000000e0000000)
  object space 129024K, 87% used [0x00000000a0000000,0x00000000a6e90aa8,0x00000000a7e00000)
 Metaspace       used 71165K, capacity 75492K, committed 75816K, reserved 1114112K
  class space    used 9772K, capacity 10667K, committed 10792K, reserved 1048576K
Event: 25.136 GC heap after
Heap after GC invocations=19 (full 4):
 PSYoungGen      total 265728K, used 0K [0x00000000e0000000, 0x00000000f8600000, 0x0000000100000000)
  eden space 237056K, 0% used [0x00000000e0000000,0x00000000e0000000,0x00000000ee780000)
  from space 28672K, 0% used [0x00000000ee780000,0x00000000ee780000,0x00000000f0380000)
  to   space 57344K, 0% used [0x00000000f4e00000,0x00000000f4e00000,0x00000000f8600000)
 ParOldGen       total 264704K, used 116629K [0x00000000a0000000, 0x00000000b0280000, 0x00000000e0000000)
  object space 264704K, 44% used [0x00000000a0000000,0x00000000a71e5410,0x00000000b0280000)
 Metaspace       used 71124K, capacity 75368K, committed 75816K, reserved 1114112K
  class space    used 9759K, capacity 10645K, committed 10792K, reserved 1048576K
}

Deoptimization events (10 events):
Event: 24.788 Thread 0x0000000021629000 Uncommon trap: reason=unstable_if action=reinterpret pc=0x00000000031a8cf8 method=java.nio.Bits.copyFromArray(Ljava/lang/Object;JJJJ)V @ 18
Event: 25.136 Thread 0x00000000160b9000 Uncommon trap: reason=unstable_if action=reinterpret pc=0x0000000002d8d138 method=java.lang.ref.Reference.tryHandlePending(Z)Z @ 20
Event: 25.338 Thread 0x0000000021628800 Uncommon trap: reason=bimorphic action=maybe_recompile pc=0x0000000003709b30 method=sun.security.provider.DigestBase.engineUpdate([BII)V @ 128
Event: 25.338 Thread 0x0000000021629000 Uncommon trap: reason=bimorphic action=maybe_recompile pc=0x0000000003709b30 method=sun.security.provider.DigestBase.engineUpdate([BII)V @ 128
Event: 25.340 Thread 0x0000000021628800 Uncommon trap: reason=bimorphic action=maybe_recompile pc=0x0000000003709b30 method=sun.security.provider.DigestBase.engineUpdate([BII)V @ 128
Event: 25.342 Thread 0x0000000021628800 Uncommon trap: reason=bimorphic action=maybe_recompile pc=0x0000000003709b30 method=sun.security.provider.DigestBase.engineUpdate([BII)V @ 128
Event: 25.655 Thread 0x000000002162b800 Uncommon trap: reason=bimorphic action=maybe_recompile pc=0x00000000040de024 method=java.util.stream.StreamOpFlag.fromCharacteristics(Ljava/util/Spliterator;)I @ 14
Event: 25.680 Thread 0x000000002162b800 Uncommon trap: reason=null_check action=make_not_entrant pc=0x00000000041f7360 method=org.gradle.internal.operations.UnmanagedBuildOperationWrapper.maybeStopUnmanagedThreadOperation(Lorg/gradle/internal/operations/BuildOperationState;)V @ 1
Event: 25.697 Thread 0x000000001e51f000 Uncommon trap: reason=bimorphic action=maybe_recompile pc=0x0000000003f1d990 method=org.gradle.internal.snapshot.SnapshotUtil.getMetadataFromChildren(Ljava/util/List;Lorg/gradle/internal/snapshot/VfsRelativePath;Lorg/gradle/internal/snapshot/CaseSensitivi
Event: 25.697 Thread 0x000000001e51f000 Uncommon trap: reason=bimorphic action=maybe_recompile pc=0x0000000003f1d990 method=org.gradle.internal.snapshot.SnapshotUtil.getMetadataFromChildren(Ljava/util/List;Lorg/gradle/internal/snapshot/VfsRelativePath;Lorg/gradle/internal/snapshot/CaseSensitivi

Classes redefined (0 events):
No events

Internal exceptions (10 events):
Event: 24.310 Thread 0x000000001e51f000 Exception <a 'java/lang/NoSuchMethodError': <clinit>> (0x00000000e9324198) thrown at [C:\src\AOSP-openjdk-git\hotspot\src\share\vm\prims\jni.cpp, line 1615]
Event: 24.312 Thread 0x000000001e51f000 Exception <a 'java/lang/NoSuchMethodError': <clinit>> (0x00000000e934d3e0) thrown at [C:\src\AOSP-openjdk-git\hotspot\src\share\vm\prims\jni.cpp, line 1615]
Event: 24.314 Thread 0x000000001e51f000 Exception <a 'java/lang/NoSuchMethodError': <clinit>> (0x00000000e9351c50) thrown at [C:\src\AOSP-openjdk-git\hotspot\src\share\vm\prims\jni.cpp, line 1615]
Event: 24.321 Thread 0x000000001e51f000 Exception <a 'java/lang/NoSuchMethodError': <clinit>> (0x00000000e93a7c48) thrown at [C:\src\AOSP-openjdk-git\hotspot\src\share\vm\prims\jni.cpp, line 1615]
Event: 24.397 Thread 0x000000002162b800 Exception <a 'java/lang/NoSuchMethodError': java.lang.Object.lambda$asRunnable$0(Lcom/android/tools/build/apkzlib/utils/IOExceptionRunnable;)V> (0x00000000e9614538) thrown at [C:\src\AOSP-openjdk-git\hotspot\src\share\vm\interpreter\linkResolver.cpp, line
Event: 24.506 Thread 0x000000002162b800 Exception <a 'java/lang/NoSuchMethodError': java.lang.Object.newSystemTemporaryDirectory()Lcom/android/tools/build/apkzlib/bytestorage/TemporaryDirectory;> (0x00000000e9ab86e8) thrown at [C:\src\AOSP-openjdk-git\hotspot\src\share\vm\interpreter\linkResolv
Event: 24.585 Thread 0x000000002162b800 Exception <a 'sun/nio/fs/WindowsException'> (0x00000000e9c69370) thrown at [C:\src\AOSP-openjdk-git\hotspot\src\share\vm\prims\jni.cpp, line 710]
Event: 24.585 Thread 0x000000002162b800 Exception <a 'sun/nio/fs/WindowsException'> (0x00000000e9c69838) thrown at [C:\src\AOSP-openjdk-git\hotspot\src\share\vm\prims\jni.cpp, line 710]
Event: 24.592 Thread 0x000000002162b800 Exception <a 'java/lang/NoSuchMethodError': java.lang.Object.lambda$static$0(Lcom/android/apksig/util/RunnablesProvider;)V> (0x00000000e9ce6cb8) thrown at [C:\src\AOSP-openjdk-git\hotspot\src\share\vm\interpreter\linkResolver.cpp, line 620]
Event: 25.680 Thread 0x000000002162b800 Implicit null exception at 0x00000000041f730f to 0x00000000041f7351

Events (10 events):
Event: 25.696 loading class org/gradle/internal/execution/history/BeforeExecutionState
Event: 25.696 loading class org/gradle/internal/execution/history/BeforeExecutionState done
Event: 25.697 loading class org/gradle/internal/execution/history/BeforeExecutionState
Event: 25.697 loading class org/gradle/internal/execution/history/BeforeExecutionState done
Event: 25.697 Thread 0x000000001e51f000 Uncommon trap: trap_request=0xffffffc6 fr.pc=0x0000000003f1d990
Event: 25.697 Thread 0x000000001e51f000 DEOPT PACKING pc=0x0000000003f1d990 sp=0x0000000028c0bc90
Event: 25.697 Thread 0x000000001e51f000 DEOPT UNPACKING pc=0x00000000027a557b sp=0x0000000028c0ba10 mode 2
Event: 25.697 Thread 0x000000001e51f000 Uncommon trap: trap_request=0xffffffc6 fr.pc=0x0000000003f1d990
Event: 25.697 Thread 0x000000001e51f000 DEOPT PACKING pc=0x0000000003f1d990 sp=0x0000000028c0bb40
Event: 25.697 Thread 0x000000001e51f000 DEOPT UNPACKING pc=0x00000000027a557b sp=0x0000000028c0b8c0 mode 2


Dynamic libraries:
0x00007ff73ef80000 - 0x00007ff73efb1000 	D:\Program Files\Android\Android Studio\jre\bin\java.exe
0x00007ff9fe2b0000 - 0x00007ff9fe4a5000 	C:\WINDOWS\SYSTEM32\ntdll.dll
0x00007ff9fe010000 - 0x00007ff9fe0cd000 	C:\WINDOWS\System32\KERNEL32.DLL
0x00007ff9fbb00000 - 0x00007ff9fbdc8000 	C:\WINDOWS\System32\KERNELBASE.dll
0x00007ff9fc9e0000 - 0x00007ff9fca8c000 	C:\WINDOWS\System32\ADVAPI32.dll
0x00007ff9fc940000 - 0x00007ff9fc9de000 	C:\WINDOWS\System32\msvcrt.dll
0x00007ff9fdb30000 - 0x00007ff9fdbcb000 	C:\WINDOWS\System32\sechost.dll
0x00007ff9fcb20000 - 0x00007ff9fcc4b000 	C:\WINDOWS\System32\RPCRT4.dll
0x00007ff9fe0d0000 - 0x00007ff9fe270000 	C:\WINDOWS\System32\USER32.dll
0x00007ff9fb9f0000 - 0x00007ff9fba12000 	C:\WINDOWS\System32\win32u.dll
0x00007ff9fc830000 - 0x00007ff9fc85a000 	C:\WINDOWS\System32\GDI32.dll
0x00007ff9fbe80000 - 0x00007ff9fbf8b000 	C:\WINDOWS\System32\gdi32full.dll
0x00007ff9fbf90000 - 0x00007ff9fc02d000 	C:\WINDOWS\System32\msvcp_win.dll
0x00007ff9fc210000 - 0x00007ff9fc310000 	C:\WINDOWS\System32\ucrtbase.dll
0x00007ff9e92a0000 - 0x00007ff9e953a000 	C:\WINDOWS\WinSxS\amd64_microsoft.windows.common-controls_6595b64144ccf1df_6.0.19041.844_none_ca00b6081b84eb1d\COMCTL32.dll
0x00007ff9fdb00000 - 0x00007ff9fdb30000 	C:\WINDOWS\System32\IMM32.DLL
0x0000000061770000 - 0x0000000061842000 	D:\Program Files\Android\Android Studio\jre\jre\bin\msvcr100.dll
0x0000000061850000 - 0x000000006209b000 	D:\Program Files\Android\Android Studio\jre\jre\bin\server\jvm.dll
0x00007ff9fcaa0000 - 0x00007ff9fcaa8000 	C:\WINDOWS\System32\PSAPI.DLL
0x00007ff9e7e70000 - 0x00007ff9e7e79000 	C:\WINDOWS\SYSTEM32\WSOCK32.dll
0x00007ff9fd1c0000 - 0x00007ff9fd22b000 	C:\WINDOWS\System32\WS2_32.dll
0x00007ff9e8040000 - 0x00007ff9e8067000 	C:\WINDOWS\SYSTEM32\WINMM.dll
0x00007ff9f2430000 - 0x00007ff9f243a000 	C:\WINDOWS\SYSTEM32\VERSION.dll
0x00007ff9f75e0000 - 0x00007ff9f75ef000 	D:\Program Files\Android\Android Studio\jre\jre\bin\verify.dll
0x00007ff9f6560000 - 0x00007ff9f6589000 	D:\Program Files\Android\Android Studio\jre\jre\bin\java.dll
0x00007ff9f6190000 - 0x00007ff9f61a6000 	D:\Program Files\Android\Android Studio\jre\jre\bin\zip.dll
0x00007ff9fd3b0000 - 0x00007ff9fdaf2000 	C:\WINDOWS\System32\SHELL32.dll
0x00007ff9f9b40000 - 0x00007ff9fa2d0000 	C:\WINDOWS\SYSTEM32\windows.storage.dll
0x00007ff9fccb0000 - 0x00007ff9fd005000 	C:\WINDOWS\System32\combase.dll
0x00007ff9fb390000 - 0x00007ff9fb3bc000 	C:\WINDOWS\SYSTEM32\Wldp.dll
0x00007ff9fd230000 - 0x00007ff9fd2de000 	C:\WINDOWS\System32\SHCORE.dll
0x00007ff9fdbd0000 - 0x00007ff9fdc25000 	C:\WINDOWS\System32\shlwapi.dll
0x00007ff9fb930000 - 0x00007ff9fb94f000 	C:\WINDOWS\SYSTEM32\profapi.dll
0x00007ff9f4b10000 - 0x00007ff9f4b2a000 	D:\Program Files\Android\Android Studio\jre\jre\bin\net.dll
0x00007ff9fb100000 - 0x00007ff9fb16a000 	C:\WINDOWS\system32\mswsock.dll
0x00007ff9f4450000 - 0x00007ff9f4463000 	D:\Program Files\Android\Android Studio\jre\jre\bin\nio.dll
0x00007ff9f0ad0000 - 0x00007ff9f0af6000 	C:\Users\Samsung\.gradle\native\fdc75f09e3144964f2cf3f50f0aa648679c211496f362492102eb8c894070792\windows-amd64\native-platform.dll
0x00007ff9d3d40000 - 0x00007ff9d3ed1000 	C:\Users\Samsung\.gradle\native\12488b8bf47d2d4c9fbf2f6322a914ad602e24e48041cd04a747c6da556b65c4\windows-amd64\native-platform-file-events.dll
0x00007ff9f7590000 - 0x00007ff9f759d000 	D:\Program Files\Android\Android Studio\jre\jre\bin\management.dll
0x00007ff9fb2e0000 - 0x00007ff9fb2f8000 	C:\WINDOWS\SYSTEM32\CRYPTSP.dll
0x00007ff9faaa0000 - 0x00007ff9faad4000 	C:\WINDOWS\system32\rsaenh.dll
0x00007ff9fbad0000 - 0x00007ff9fbaf7000 	C:\WINDOWS\System32\bcrypt.dll
0x00007ff9fb8f0000 - 0x00007ff9fb91e000 	C:\WINDOWS\SYSTEM32\USERENV.dll
0x00007ff9fc190000 - 0x00007ff9fc210000 	C:\WINDOWS\System32\bcryptprimitives.dll
0x00007ff9fb2d0000 - 0x00007ff9fb2dc000 	C:\WINDOWS\SYSTEM32\CRYPTBASE.dll
0x00007ff9fadf0000 - 0x00007ff9fae2b000 	C:\WINDOWS\SYSTEM32\IPHLPAPI.DLL
0x00007ff9fcb10000 - 0x00007ff9fcb18000 	C:\WINDOWS\System32\NSI.dll
0x00007ff9f2b90000 - 0x00007ff9f2ba7000 	C:\WINDOWS\SYSTEM32\dhcpcsvc6.DLL
0x00007ff9f2b40000 - 0x00007ff9f2b5d000 	C:\WINDOWS\SYSTEM32\dhcpcsvc.DLL
0x00007ff9fae30000 - 0x00007ff9faefc000 	C:\WINDOWS\SYSTEM32\DNSAPI.dll
0x00007ff9f3050000 - 0x00007ff9f305b000 	C:\WINDOWS\SYSTEM32\WINNSI.DLL

VM Arguments:
jvm_args: -Xmx1536m -Dfile.encoding=x-windows-949 -Duser.country=KR -Duser.language=ko -Duser.variant 
java_command: org.gradle.launcher.daemon.bootstrap.GradleDaemon 6.7
java_class_path (initial): C:\Users\Samsung\.gradle\wrapper\dists\gradle-6.7-bin\efvqh8uyq79v2n7rcncuhu9sv\gradle-6.7\lib\gradle-launcher-6.7.jar
Launcher Type: SUN_STANDARD

Environment Variables:
JAVA_HOME=D:\Program Files\Java\jdk-11.0.4
PATH=D:\OracleDB\product\11.2.0\dbhome_1\bin;D:\Program Files\Java\jdk-11.0.4\bin;C:\Program Files (x86)\Common Files\Oracle\Java\javapath;C:\WINDOWS\system32;C:\WINDOWS;C:\WINDOWS\System32\Wbem;C:\WINDOWS\System32\WindowsPowerShell\v1.0\;C:\Program Files\Microsoft SQL Server\130\Tools\Binn\;C:\WINDOWS\System32\OpenSSH\;D:\Program Files\Java\jdk-11.0.4\bin;D:\Program Files\PuTTY\;C:\Program Files\MySQL\MySQL Server 8.0\bin;C:\Program Files\Git\cmd;C:\Users\Samsung\AppData\Local\Programs\Python\Python37;D:\Program Files\gradle-6.2.1\bin;C:\Program Files\MySQL\MySQL Shell 8.0\bin\;C:\Users\Samsung\AppData\Local\Microsoft\WindowsApps;C:\Users\Samsung\AppData\Local\Programs\Python\Python37\Scripts;
USERNAME=Samsung
OS=Windows_NT
PROCESSOR_IDENTIFIER=Intel64 Family 6 Model 142 Stepping 9, GenuineIntel



---------------  S Y S T E M  ---------------

OS: Windows 10.0 , 64 bit Build 19041 (10.0.19041.928)

CPU:total 4 (initial active 4) (2 cores per cpu, 2 threads per core) family 6 model 142 stepping 9, cmov, cx8, fxsr, mmx, sse, sse2, sse3, ssse3, sse4.1, sse4.2, popcnt, avx, avx2, aes, clmul, erms, 3dnowpref, lzcnt, ht, tsc, tscinvbit, bmi1, bmi2, adx

Memory: 4k page, physical 8299116k(1693160k free), swap 12493420k(5260k free)

vm_info: OpenJDK 64-Bit Server VM (25.242-b01) for windows-amd64 JRE (1.8.0_242-release-1644-b01), built by "builder" with MS VC++ 10.0 (VS2010)

time: Wed Jun 09 03:02:12 2021
timezone: 대한민국 표준시
elapsed time: 25 seconds (0d 0h 0m 25s)

